Loading training data...
Stats saved: t_mean=9.82, x_std=2.04...
Initial: lambda1=0.0000, lambda2=0.00000
Iter    0: Loss 0.897354 | Data 0.897353 | Phys 0.000001 | lambda1 -0.0000 | lambda2 -0.00088
Iter  500: Loss 0.097396 | Data 0.097275 | Phys 0.000121 | lambda1 0.0167 | lambda2 0.00167
Iter 1000: Loss 0.090370 | Data 0.090160 | Phys 0.000211 | lambda1 0.0589 | lambda2 0.00165
Iter 1500: Loss 0.089226 | Data 0.088955 | Phys 0.000271 | lambda1 0.0557 | lambda2 0.00160
Iter 2000: Loss 0.088637 | Data 0.088349 | Phys 0.000288 | lambda1 0.0543 | lambda2 0.00150
Iter 2500: Loss 0.088714 | Data 0.088428 | Phys 0.000285 | lambda1 0.0557 | lambda2 0.00145
Iter 3000: Loss 0.088012 | Data 0.087680 | Phys 0.000332 | lambda1 0.0530 | lambda2 0.00123
Iter 3500: Loss 0.088789 | Data 0.088470 | Phys 0.000319 | lambda1 0.0546 | lambda2 0.00134
Iter 4000: Loss 0.087893 | Data 0.087550 | Phys 0.000343 | lambda1 0.0564 | lambda2 0.00127
Iter 4500: Loss 0.087652 | Data 0.087292 | Phys 0.000360 | lambda1 0.0581 | lambda2 0.00129
Iter 4999: Loss 0.087578 | Data 0.087213 | Phys 0.000365 | lambda1 0.0600 | lambda2 0.00134

After Adam: lambda1=0.0600, lambda2=0.00134
Iter  5100: Loss 0.087240 | lambda1 0.06463 | lambda2 0.001548
Iter  5200: Loss 0.087061 | lambda1 0.06773 | lambda2 0.001298
Iter  5300: Loss 0.086906 | lambda1 0.06522 | lambda2 0.001107
Iter  5400: Loss 0.086737 | lambda1 0.07559 | lambda2 0.001728
Iter  5500: Loss 0.086500 | lambda1 0.07754 | lambda2 0.001191
Iter  5600: Loss 0.086233 | lambda1 0.06298 | lambda2 0.001302
Iter  5700: Loss 0.085810 | lambda1 0.08160 | lambda2 0.000920
Iter  5800: Loss 0.085233 | lambda1 0.13439 | lambda2 0.002828
Iter  5900: Loss 0.084866 | lambda1 0.13037 | lambda2 0.002703
Iter  6000: Loss 0.084539 | lambda1 0.15205 | lambda2 0.002774
Iter  6100: Loss 0.084302 | lambda1 0.16497 | lambda2 0.002564
Iter  6200: Loss 0.084034 | lambda1 0.18184 | lambda2 0.002992
Iter  6300: Loss 0.083849 | lambda1 0.19291 | lambda2 0.003578
Iter  6400: Loss 0.083669 | lambda1 0.19727 | lambda2 0.003707
Iter  6500: Loss 0.083446 | lambda1 0.21808 | lambda2 0.004130
Iter  6600: Loss 0.083178 | lambda1 0.25030 | lambda2 0.005631
Iter  6700: Loss 0.082862 | lambda1 0.27469 | lambda2 0.006918
Iter  6800: Loss 0.082483 | lambda1 0.28576 | lambda2 0.007013
Iter  6900: Loss 0.081906 | lambda1 0.28950 | lambda2 0.005399
Iter  7000: Loss 0.079005 | lambda1 0.35133 | lambda2 0.007644
Iter  7100: Loss 0.059351 | lambda1 0.69966 | lambda2 0.012062
Iter  7200: Loss 0.043520 | lambda1 0.77140 | lambda2 0.013177
Iter  7300: Loss 0.028942 | lambda1 0.82325 | lambda2 0.016147
Iter  7400: Loss 0.024690 | lambda1 0.83244 | lambda2 0.016062
Iter  7500: Loss 0.021538 | lambda1 0.86654 | lambda2 0.015490
Iter  7600: Loss 0.019725 | lambda1 0.84782 | lambda2 0.017339
Iter  7700: Loss 0.018651 | lambda1 0.86181 | lambda2 0.015273
Iter  7800: Loss 0.017671 | lambda1 0.85823 | lambda2 0.014813
Iter  7900: Loss 0.017014 | lambda1 0.87565 | lambda2 0.015592
Iter  8000: Loss 0.016415 | lambda1 0.88553 | lambda2 0.016870
Iter  8100: Loss 0.015985 | lambda1 0.88035 | lambda2 0.016583
Iter  8200: Loss 0.015659 | lambda1 0.88906 | lambda2 0.017672
Iter  8300: Loss 0.015211 | lambda1 0.88668 | lambda2 0.017596
Iter  8400: Loss 0.014762 | lambda1 0.88582 | lambda2 0.017203
Iter  8500: Loss 0.014193 | lambda1 0.90114 | lambda2 0.018173
Iter  8600: Loss 0.013671 | lambda1 0.90778 | lambda2 0.020532
Iter  8700: Loss 0.013218 | lambda1 0.89832 | lambda2 0.019775
Iter  8800: Loss 0.012816 | lambda1 0.91092 | lambda2 0.020046
Iter  8900: Loss 0.012408 | lambda1 0.91337 | lambda2 0.019394
Iter  9000: Loss 0.012101 | lambda1 0.91047 | lambda2 0.019873
Iter  9100: Loss 0.011841 | lambda1 0.91878 | lambda2 0.019313
Iter  9200: Loss 0.011537 | lambda1 0.91942 | lambda2 0.019325
Iter  9300: Loss 0.011279 | lambda1 0.91189 | lambda2 0.019115
Iter  9400: Loss 0.010929 | lambda1 0.91453 | lambda2 0.018151
Iter  9500: Loss 0.010543 | lambda1 0.92647 | lambda2 0.019190
Iter  9600: Loss 0.010166 | lambda1 0.91958 | lambda2 0.017728
Iter  9700: Loss 0.009784 | lambda1 0.92947 | lambda2 0.018325
Iter  9800: Loss 0.009341 | lambda1 0.92856 | lambda2 0.017532
Iter  9900: Loss 0.008997 | lambda1 0.93520 | lambda2 0.017536
Iter 10000: Loss 0.008731 | lambda1 0.93230 | lambda2 0.017732
Iter 10100: Loss 0.008463 | lambda1 0.93812 | lambda2 0.017734
Iter 10200: Loss 0.008137 | lambda1 0.93857 | lambda2 0.016992
Iter 10300: Loss 0.007857 | lambda1 0.94104 | lambda2 0.016151
Iter 10400: Loss 0.007544 | lambda1 0.94365 | lambda2 0.016659
Iter 10500: Loss 0.007301 | lambda1 0.94541 | lambda2 0.016770
Iter 10600: Loss 0.007095 | lambda1 0.94163 | lambda2 0.015870
Iter 10700: Loss 0.006907 | lambda1 0.94983 | lambda2 0.016813
Iter 10800: Loss 0.006703 | lambda1 0.95082 | lambda2 0.016877
Iter 10900: Loss 0.006548 | lambda1 0.94920 | lambda2 0.016925
Iter 11000: Loss 0.006380 | lambda1 0.95266 | lambda2 0.016238
Iter 11100: Loss 0.006249 | lambda1 0.95256 | lambda2 0.015698
Iter 11200: Loss 0.006098 | lambda1 0.95460 | lambda2 0.015545
Iter 11300: Loss 0.005946 | lambda1 0.95720 | lambda2 0.015938
Iter 11400: Loss 0.005787 | lambda1 0.95482 | lambda2 0.015965
Iter 11500: Loss 0.005649 | lambda1 0.95571 | lambda2 0.016065
Iter 11600: Loss 0.005523 | lambda1 0.95808 | lambda2 0.016324
Iter 11700: Loss 0.005425 | lambda1 0.95788 | lambda2 0.015947
Iter 11800: Loss 0.005325 | lambda1 0.95739 | lambda2 0.016055
Iter 11900: Loss 0.005237 | lambda1 0.95828 | lambda2 0.016306
Iter 12000: Loss 0.005139 | lambda1 0.95973 | lambda2 0.015922
Iter 12100: Loss 0.005035 | lambda1 0.96078 | lambda2 0.015885
Iter 12200: Loss 0.004956 | lambda1 0.96121 | lambda2 0.015943
Iter 12300: Loss 0.004885 | lambda1 0.96347 | lambda2 0.015785
Iter 12400: Loss 0.004803 | lambda1 0.96384 | lambda2 0.015758
Iter 12500: Loss 0.004726 | lambda1 0.96348 | lambda2 0.015697
Iter 12600: Loss 0.004634 | lambda1 0.96649 | lambda2 0.016603
Iter 12700: Loss 0.004556 | lambda1 0.96363 | lambda2 0.016605
Iter 12800: Loss 0.004484 | lambda1 0.96311 | lambda2 0.016599
Iter 12900: Loss 0.004419 | lambda1 0.96621 | lambda2 0.016390
Iter 13000: Loss 0.004351 | lambda1 0.96445 | lambda2 0.015953
Iter 13100: Loss 0.004268 | lambda1 0.96666 | lambda2 0.015909
Iter 13200: Loss 0.004213 | lambda1 0.96861 | lambda2 0.015842
Iter 13300: Loss 0.004149 | lambda1 0.96834 | lambda2 0.015766
Iter 13400: Loss 0.004075 | lambda1 0.96745 | lambda2 0.015652
Iter 13500: Loss 0.004013 | lambda1 0.96817 | lambda2 0.015599
Iter 13600: Loss 0.003950 | lambda1 0.96948 | lambda2 0.015352
Iter 13700: Loss 0.003894 | lambda1 0.97013 | lambda2 0.015836
Iter 13800: Loss 0.003845 | lambda1 0.97037 | lambda2 0.015886
Iter 13900: Loss 0.003798 | lambda1 0.97151 | lambda2 0.015875
Iter 14000: Loss 0.003742 | lambda1 0.97162 | lambda2 0.015450
Iter 14100: Loss 0.003688 | lambda1 0.97240 | lambda2 0.015601
Iter 14200: Loss 0.003625 | lambda1 0.97428 | lambda2 0.015427
Iter 14300: Loss 0.003564 | lambda1 0.97308 | lambda2 0.015498
Iter 14400: Loss 0.003527 | lambda1 0.97281 | lambda2 0.015221
Iter 14500: Loss 0.003483 | lambda1 0.97327 | lambda2 0.015339
Iter 14600: Loss 0.003437 | lambda1 0.97374 | lambda2 0.015139
Iter 14700: Loss 0.003386 | lambda1 0.97380 | lambda2 0.015263
Iter 14800: Loss 0.003339 | lambda1 0.97573 | lambda2 0.015402
Iter 14900: Loss 0.003293 | lambda1 0.97613 | lambda2 0.015018
Iter 15000: Loss 0.003248 | lambda1 0.97381 | lambda2 0.015182
Iter 15100: Loss 0.003209 | lambda1 0.97358 | lambda2 0.015201
Iter 15200: Loss 0.003164 | lambda1 0.97758 | lambda2 0.015252
Iter 15300: Loss 0.003127 | lambda1 0.97942 | lambda2 0.015454
Iter 15400: Loss 0.003073 | lambda1 0.97802 | lambda2 0.015196
Iter 15500: Loss 0.003025 | lambda1 0.97798 | lambda2 0.015219
Iter 15600: Loss 0.002987 | lambda1 0.97899 | lambda2 0.014786
Iter 15700: Loss 0.002953 | lambda1 0.97837 | lambda2 0.014699
Iter 15800: Loss 0.002919 | lambda1 0.97840 | lambda2 0.014831
Iter 15900: Loss 0.002888 | lambda1 0.98081 | lambda2 0.014823
Iter 16000: Loss 0.002861 | lambda1 0.98151 | lambda2 0.014713
Iter 16100: Loss 0.002831 | lambda1 0.98050 | lambda2 0.014559
Iter 16200: Loss 0.002803 | lambda1 0.97988 | lambda2 0.014666
Iter 16300: Loss 0.002769 | lambda1 0.98094 | lambda2 0.014517
Iter 16400: Loss 0.002743 | lambda1 0.98017 | lambda2 0.014774
Iter 16500: Loss 0.002714 | lambda1 0.98059 | lambda2 0.014487
Iter 16600: Loss 0.002691 | lambda1 0.98143 | lambda2 0.014342
Iter 16700: Loss 0.002660 | lambda1 0.98241 | lambda2 0.014340
Iter 16800: Loss 0.002630 | lambda1 0.98106 | lambda2 0.014402
Iter 16900: Loss 0.002601 | lambda1 0.98145 | lambda2 0.014288
Iter 17000: Loss 0.002572 | lambda1 0.98210 | lambda2 0.014446
Iter 17100: Loss 0.002540 | lambda1 0.98173 | lambda2 0.014352
Iter 17200: Loss 0.002503 | lambda1 0.98228 | lambda2 0.014319
Iter 17300: Loss 0.002474 | lambda1 0.98224 | lambda2 0.014034
Iter 17400: Loss 0.002442 | lambda1 0.98272 | lambda2 0.014152
Iter 17500: Loss 0.002418 | lambda1 0.98332 | lambda2 0.014120
Iter 17600: Loss 0.002390 | lambda1 0.98305 | lambda2 0.014037
Iter 17700: Loss 0.002358 | lambda1 0.98303 | lambda2 0.013889
Iter 17800: Loss 0.002331 | lambda1 0.98270 | lambda2 0.014030
Iter 17900: Loss 0.002306 | lambda1 0.98349 | lambda2 0.013900
Iter 18000: Loss 0.002281 | lambda1 0.98465 | lambda2 0.014074
Iter 18100: Loss 0.002260 | lambda1 0.98286 | lambda2 0.013982
Iter 18200: Loss 0.002227 | lambda1 0.98136 | lambda2 0.013865
Iter 18300: Loss 0.002195 | lambda1 0.98438 | lambda2 0.014064
Iter 18400: Loss 0.002168 | lambda1 0.98570 | lambda2 0.013896
Iter 18500: Loss 0.002138 | lambda1 0.98392 | lambda2 0.013914
Iter 18600: Loss 0.002109 | lambda1 0.98595 | lambda2 0.013642
Iter 18700: Loss 0.002083 | lambda1 0.98707 | lambda2 0.013631
Iter 18800: Loss 0.002053 | lambda1 0.98410 | lambda2 0.013595
Iter 18900: Loss 0.002024 | lambda1 0.98511 | lambda2 0.013536
Iter 19000: Loss 0.001998 | lambda1 0.98882 | lambda2 0.013566
Iter 19100: Loss 0.001967 | lambda1 0.98853 | lambda2 0.013567
Iter 19200: Loss 0.001939 | lambda1 0.98426 | lambda2 0.013562
Iter 19300: Loss 0.001898 | lambda1 0.98460 | lambda2 0.013268
Iter 19400: Loss 0.001864 | lambda1 0.98844 | lambda2 0.013099
Iter 19500: Loss 0.001827 | lambda1 0.98823 | lambda2 0.012881
Iter 19600: Loss 0.001796 | lambda1 0.98848 | lambda2 0.012858
Iter 19700: Loss 0.001761 | lambda1 0.98844 | lambda2 0.012557
Iter 19800: Loss 0.001729 | lambda1 0.98643 | lambda2 0.012623
Iter 19900: Loss 0.001700 | lambda1 0.98925 | lambda2 0.012724
Iter 20000: Loss 0.001677 | lambda1 0.99097 | lambda2 0.012576
Iter 20100: Loss 0.001651 | lambda1 0.98716 | lambda2 0.012560
Iter 20200: Loss 0.001623 | lambda1 0.98608 | lambda2 0.012823
Iter 20300: Loss 0.001594 | lambda1 0.98946 | lambda2 0.012949
Iter 20400: Loss 0.001564 | lambda1 0.98884 | lambda2 0.012596
Iter 20500: Loss 0.001527 | lambda1 0.98827 | lambda2 0.012616
Iter 20600: Loss 0.001495 | lambda1 0.98852 | lambda2 0.012478
Iter 20700: Loss 0.001460 | lambda1 0.98969 | lambda2 0.012281
Iter 20800: Loss 0.001424 | lambda1 0.98822 | lambda2 0.012081
Iter 20900: Loss 0.001387 | lambda1 0.98695 | lambda2 0.011960
Iter 21000: Loss 0.001353 | lambda1 0.98895 | lambda2 0.011712
Iter 21100: Loss 0.001321 | lambda1 0.98995 | lambda2 0.011734
Iter 21200: Loss 0.001291 | lambda1 0.99048 | lambda2 0.011808
Iter 21300: Loss 0.001260 | lambda1 0.98747 | lambda2 0.011833
Iter 21400: Loss 0.001236 | lambda1 0.98933 | lambda2 0.011747
Iter 21500: Loss 0.001211 | lambda1 0.99162 | lambda2 0.012009
Iter 21600: Loss 0.001185 | lambda1 0.98879 | lambda2 0.011890
Iter 21700: Loss 0.001164 | lambda1 0.98936 | lambda2 0.011868
Iter 21800: Loss 0.001143 | lambda1 0.98969 | lambda2 0.011652
Iter 21900: Loss 0.001126 | lambda1 0.98984 | lambda2 0.011780
Iter 22000: Loss 0.001105 | lambda1 0.98948 | lambda2 0.011628
Iter 22100: Loss 0.001081 | lambda1 0.98921 | lambda2 0.011531
Iter 22200: Loss 0.001062 | lambda1 0.99098 | lambda2 0.011791
Iter 22300: Loss 0.001042 | lambda1 0.99198 | lambda2 0.011810
Iter 22400: Loss 0.001023 | lambda1 0.99026 | lambda2 0.011775
Iter 22500: Loss 0.001008 | lambda1 0.99117 | lambda2 0.011843
Iter 22600: Loss 0.000992 | lambda1 0.99180 | lambda2 0.011864
Iter 22700: Loss 0.000976 | lambda1 0.99145 | lambda2 0.011867
Iter 22800: Loss 0.000960 | lambda1 0.99168 | lambda2 0.011764
Iter 22900: Loss 0.000943 | lambda1 0.99298 | lambda2 0.011789
Iter 23000: Loss 0.000928 | lambda1 0.99319 | lambda2 0.011758
Iter 23100: Loss 0.000915 | lambda1 0.99242 | lambda2 0.011778
Iter 23200: Loss 0.000906 | lambda1 0.99333 | lambda2 0.011580
Iter 23300: Loss 0.000889 | lambda1 0.99475 | lambda2 0.011714
Iter 23400: Loss 0.000876 | lambda1 0.99307 | lambda2 0.011613
Iter 23500: Loss 0.000863 | lambda1 0.99264 | lambda2 0.011482
Iter 23600: Loss 0.000851 | lambda1 0.99382 | lambda2 0.011471
Iter 23700: Loss 0.000840 | lambda1 0.99445 | lambda2 0.011542
Iter 23800: Loss 0.000828 | lambda1 0.99310 | lambda2 0.011399
Iter 23900: Loss 0.000814 | lambda1 0.99369 | lambda2 0.011440
Iter 24000: Loss 0.000802 | lambda1 0.99418 | lambda2 0.011579
Iter 24100: Loss 0.000792 | lambda1 0.99414 | lambda2 0.011427
Iter 24200: Loss 0.000783 | lambda1 0.99259 | lambda2 0.011397
Iter 24300: Loss 0.000773 | lambda1 0.99297 | lambda2 0.011445
Iter 24400: Loss 0.000763 | lambda1 0.99349 | lambda2 0.011369
Iter 24500: Loss 0.000753 | lambda1 0.99308 | lambda2 0.011394
Iter 24600: Loss 0.000742 | lambda1 0.99347 | lambda2 0.011359
Iter 24700: Loss 0.000732 | lambda1 0.99356 | lambda2 0.011399
Iter 24800: Loss 0.000723 | lambda1 0.99334 | lambda2 0.011433
Iter 24900: Loss 0.000714 | lambda1 0.99397 | lambda2 0.011401
Iter 25000: Loss 0.000707 | lambda1 0.99389 | lambda2 0.011472
Iter 25100: Loss 0.000698 | lambda1 0.99347 | lambda2 0.011424
Iter 25200: Loss 0.000689 | lambda1 0.99518 | lambda2 0.011382
Iter 25300: Loss 0.000678 | lambda1 0.99479 | lambda2 0.011394
Iter 25400: Loss 0.000670 | lambda1 0.99440 | lambda2 0.011323
Iter 25500: Loss 0.000661 | lambda1 0.99428 | lambda2 0.011372
Iter 25600: Loss 0.000654 | lambda1 0.99464 | lambda2 0.011295
Iter 25700: Loss 0.000645 | lambda1 0.99360 | lambda2 0.011242
Iter 25800: Loss 0.000637 | lambda1 0.99508 | lambda2 0.011285
Iter 25900: Loss 0.000627 | lambda1 0.99501 | lambda2 0.011239
Iter 26000: Loss 0.000617 | lambda1 0.99433 | lambda2 0.011329
Iter 26100: Loss 0.000608 | lambda1 0.99519 | lambda2 0.011196
Iter 26200: Loss 0.000600 | lambda1 0.99569 | lambda2 0.011087
Iter 26300: Loss 0.000594 | lambda1 0.99414 | lambda2 0.011121
Iter 26400: Loss 0.000587 | lambda1 0.99480 | lambda2 0.011173
Iter 26500: Loss 0.000580 | lambda1 0.99528 | lambda2 0.011267
Iter 26600: Loss 0.000574 | lambda1 0.99479 | lambda2 0.011249
Iter 26700: Loss 0.000569 | lambda1 0.99511 | lambda2 0.011218
Iter 26800: Loss 0.000563 | lambda1 0.99548 | lambda2 0.011166
Iter 26900: Loss 0.000558 | lambda1 0.99541 | lambda2 0.011242
Iter 27000: Loss 0.000552 | lambda1 0.99489 | lambda2 0.011299
Iter 27100: Loss 0.000548 | lambda1 0.99519 | lambda2 0.011242
Iter 27200: Loss 0.000541 | lambda1 0.99623 | lambda2 0.011230
Iter 27300: Loss 0.000535 | lambda1 0.99570 | lambda2 0.011260
Iter 27400: Loss 0.000528 | lambda1 0.99491 | lambda2 0.011049
Iter 27500: Loss 0.000521 | lambda1 0.99619 | lambda2 0.011061
Iter 27600: Loss 0.000516 | lambda1 0.99568 | lambda2 0.011145
Iter 27700: Loss 0.000511 | lambda1 0.99566 | lambda2 0.011146
Iter 27800: Loss 0.000505 | lambda1 0.99583 | lambda2 0.011079
Iter 27900: Loss 0.000499 | lambda1 0.99631 | lambda2 0.011102
Iter 28000: Loss 0.000494 | lambda1 0.99520 | lambda2 0.011051
Iter 28100: Loss 0.000490 | lambda1 0.99518 | lambda2 0.011106
Iter 28200: Loss 0.000484 | lambda1 0.99562 | lambda2 0.010980
Iter 28300: Loss 0.000478 | lambda1 0.99600 | lambda2 0.011102
Iter 28400: Loss 0.000473 | lambda1 0.99580 | lambda2 0.011027
Iter 28500: Loss 0.000468 | lambda1 0.99629 | lambda2 0.011069
Iter 28600: Loss 0.000464 | lambda1 0.99572 | lambda2 0.011117
Iter 28700: Loss 0.000459 | lambda1 0.99592 | lambda2 0.011106
Iter 28800: Loss 0.000454 | lambda1 0.99559 | lambda2 0.011070
Iter 28900: Loss 0.000449 | lambda1 0.99567 | lambda2 0.011209
Iter 29000: Loss 0.000444 | lambda1 0.99651 | lambda2 0.011189
Iter 29100: Loss 0.000440 | lambda1 0.99603 | lambda2 0.011152
Iter 29200: Loss 0.000435 | lambda1 0.99550 | lambda2 0.011045
Iter 29300: Loss 0.000431 | lambda1 0.99598 | lambda2 0.011076
Iter 29400: Loss 0.000427 | lambda1 0.99618 | lambda2 0.011074
Iter 29500: Loss 0.000423 | lambda1 0.99593 | lambda2 0.011041
Iter 29600: Loss 0.000418 | lambda1 0.99618 | lambda2 0.010986
Iter 29700: Loss 0.000414 | lambda1 0.99651 | lambda2 0.010929
Iter 29800: Loss 0.000410 | lambda1 0.99560 | lambda2 0.010917
Iter 29900: Loss 0.000405 | lambda1 0.99571 | lambda2 0.010979
Iter 30000: Loss 0.000400 | lambda1 0.99692 | lambda2 0.010948
Iter 30100: Loss 0.000395 | lambda1 0.99655 | lambda2 0.010929
Iter 30200: Loss 0.000390 | lambda1 0.99619 | lambda2 0.010850
Iter 30300: Loss 0.000385 | lambda1 0.99661 | lambda2 0.010854
Iter 30400: Loss 0.000381 | lambda1 0.99660 | lambda2 0.010889
Iter 30500: Loss 0.000377 | lambda1 0.99664 | lambda2 0.010886
Iter 30600: Loss 0.000374 | lambda1 0.99647 | lambda2 0.010901
Iter 30700: Loss 0.000370 | lambda1 0.99628 | lambda2 0.010845
Iter 30800: Loss 0.000367 | lambda1 0.99618 | lambda2 0.010895
Iter 30900: Loss 0.000364 | lambda1 0.99656 | lambda2 0.010857
Iter 31000: Loss 0.000361 | lambda1 0.99659 | lambda2 0.010784
Iter 31100: Loss 0.000358 | lambda1 0.99645 | lambda2 0.010812
Iter 31200: Loss 0.000355 | lambda1 0.99652 | lambda2 0.010800
Iter 31300: Loss 0.000351 | lambda1 0.99677 | lambda2 0.010748
Iter 31400: Loss 0.000347 | lambda1 0.99686 | lambda2 0.010865
Iter 31500: Loss 0.000343 | lambda1 0.99633 | lambda2 0.010770
Iter 31600: Loss 0.000340 | lambda1 0.99680 | lambda2 0.010840
Iter 31700: Loss 0.000337 | lambda1 0.99699 | lambda2 0.010831
Iter 31800: Loss 0.000334 | lambda1 0.99648 | lambda2 0.010860
Iter 31900: Loss 0.000332 | lambda1 0.99663 | lambda2 0.010843
Iter 32000: Loss 0.000329 | lambda1 0.99643 | lambda2 0.010826
Iter 32100: Loss 0.000326 | lambda1 0.99643 | lambda2 0.010793
Iter 32200: Loss 0.000323 | lambda1 0.99665 | lambda2 0.010812
Iter 32300: Loss 0.000320 | lambda1 0.99658 | lambda2 0.010764
Iter 32400: Loss 0.000318 | lambda1 0.99654 | lambda2 0.010743
Iter 32500: Loss 0.000315 | lambda1 0.99679 | lambda2 0.010806
Iter 32600: Loss 0.000312 | lambda1 0.99680 | lambda2 0.010709
Iter 32700: Loss 0.000309 | lambda1 0.99672 | lambda2 0.010730
Iter 32800: Loss 0.000307 | lambda1 0.99621 | lambda2 0.010747
Iter 32900: Loss 0.000304 | lambda1 0.99656 | lambda2 0.010847
Iter 33000: Loss 0.000302 | lambda1 0.99670 | lambda2 0.010745
Iter 33100: Loss 0.000298 | lambda1 0.99702 | lambda2 0.010759
Iter 33200: Loss 0.000296 | lambda1 0.99668 | lambda2 0.010753
Iter 33300: Loss 0.000294 | lambda1 0.99627 | lambda2 0.010761
Iter 33400: Loss 0.000291 | lambda1 0.99682 | lambda2 0.010795
Iter 33500: Loss 0.000289 | lambda1 0.99684 | lambda2 0.010820
Iter 33600: Loss 0.000287 | lambda1 0.99641 | lambda2 0.010791
Iter 33700: Loss 0.000285 | lambda1 0.99670 | lambda2 0.010749
Iter 33800: Loss 0.000283 | lambda1 0.99669 | lambda2 0.010764
Iter 33900: Loss 0.000281 | lambda1 0.99688 | lambda2 0.010739
Iter 34000: Loss 0.000279 | lambda1 0.99675 | lambda2 0.010698
Iter 34100: Loss 0.000277 | lambda1 0.99700 | lambda2 0.010700
Iter 34200: Loss 0.000276 | lambda1 0.99663 | lambda2 0.010676
Iter 34300: Loss 0.000274 | lambda1 0.99659 | lambda2 0.010705
Iter 34400: Loss 0.000272 | lambda1 0.99692 | lambda2 0.010669
Iter 34500: Loss 0.000270 | lambda1 0.99680 | lambda2 0.010616
Iter 34600: Loss 0.000269 | lambda1 0.99661 | lambda2 0.010662
Iter 34700: Loss 0.000267 | lambda1 0.99678 | lambda2 0.010609
Iter 34800: Loss 0.000265 | lambda1 0.99686 | lambda2 0.010656
Iter 34900: Loss 0.000263 | lambda1 0.99663 | lambda2 0.010640
Iter 35000: Loss 0.000261 | lambda1 0.99683 | lambda2 0.010609
Iter 35100: Loss 0.000259 | lambda1 0.99674 | lambda2 0.010608
Iter 35200: Loss 0.000258 | lambda1 0.99647 | lambda2 0.010652
Iter 35300: Loss 0.000256 | lambda1 0.99680 | lambda2 0.010669
Iter 35400: Loss 0.000255 | lambda1 0.99701 | lambda2 0.010684
Iter 35500: Loss 0.000253 | lambda1 0.99654 | lambda2 0.010691
Iter 35600: Loss 0.000251 | lambda1 0.99666 | lambda2 0.010705
Iter 35700: Loss 0.000249 | lambda1 0.99698 | lambda2 0.010689
Iter 35800: Loss 0.000247 | lambda1 0.99691 | lambda2 0.010691
Iter 35900: Loss 0.000246 | lambda1 0.99685 | lambda2 0.010652
Iter 36000: Loss 0.000244 | lambda1 0.99682 | lambda2 0.010633
Iter 36100: Loss 0.000242 | lambda1 0.99707 | lambda2 0.010615
Iter 36200: Loss 0.000240 | lambda1 0.99695 | lambda2 0.010572
Iter 36300: Loss 0.000239 | lambda1 0.99727 | lambda2 0.010589
Iter 36400: Loss 0.000237 | lambda1 0.99705 | lambda2 0.010551
Iter 36500: Loss 0.000235 | lambda1 0.99694 | lambda2 0.010621
Iter 36600: Loss 0.000233 | lambda1 0.99727 | lambda2 0.010589
Iter 36700: Loss 0.000232 | lambda1 0.99715 | lambda2 0.010609
Iter 36800: Loss 0.000230 | lambda1 0.99697 | lambda2 0.010546
Iter 36900: Loss 0.000228 | lambda1 0.99728 | lambda2 0.010611
Iter 37000: Loss 0.000227 | lambda1 0.99735 | lambda2 0.010592
Iter 37100: Loss 0.000225 | lambda1 0.99696 | lambda2 0.010590
Iter 37200: Loss 0.000224 | lambda1 0.99693 | lambda2 0.010560
Iter 37300: Loss 0.000222 | lambda1 0.99737 | lambda2 0.010534
Iter 37400: Loss 0.000220 | lambda1 0.99733 | lambda2 0.010556
Iter 37500: Loss 0.000219 | lambda1 0.99724 | lambda2 0.010577
Iter 37600: Loss 0.000217 | lambda1 0.99732 | lambda2 0.010578
Iter 37700: Loss 0.000216 | lambda1 0.99727 | lambda2 0.010573
Iter 37800: Loss 0.000214 | lambda1 0.99744 | lambda2 0.010607
Iter 37900: Loss 0.000213 | lambda1 0.99739 | lambda2 0.010593
Iter 38000: Loss 0.000211 | lambda1 0.99761 | lambda2 0.010611
Iter 38100: Loss 0.000210 | lambda1 0.99775 | lambda2 0.010585
Iter 38200: Loss 0.000208 | lambda1 0.99745 | lambda2 0.010576
Iter 38300: Loss 0.000207 | lambda1 0.99759 | lambda2 0.010625
Iter 38400: Loss 0.000205 | lambda1 0.99794 | lambda2 0.010598
Iter 38500: Loss 0.000204 | lambda1 0.99778 | lambda2 0.010629
Iter 38600: Loss 0.000202 | lambda1 0.99764 | lambda2 0.010602
Iter 38700: Loss 0.000201 | lambda1 0.99753 | lambda2 0.010605
Iter 38800: Loss 0.000200 | lambda1 0.99751 | lambda2 0.010620
Iter 38900: Loss 0.000198 | lambda1 0.99756 | lambda2 0.010599
Iter 39000: Loss 0.000197 | lambda1 0.99750 | lambda2 0.010605
Iter 39100: Loss 0.000196 | lambda1 0.99719 | lambda2 0.010643
Iter 39200: Loss 0.000194 | lambda1 0.99768 | lambda2 0.010641
Iter 39300: Loss 0.000193 | lambda1 0.99765 | lambda2 0.010618
Iter 39400: Loss 0.000192 | lambda1 0.99725 | lambda2 0.010575
Iter 39500: Loss 0.000190 | lambda1 0.99764 | lambda2 0.010558
Iter 39600: Loss 0.000189 | lambda1 0.99790 | lambda2 0.010584
Iter 39700: Loss 0.000188 | lambda1 0.99758 | lambda2 0.010550
Iter 39800: Loss 0.000186 | lambda1 0.99771 | lambda2 0.010537
Iter 39900: Loss 0.000185 | lambda1 0.99774 | lambda2 0.010517
Iter 40000: Loss 0.000184 | lambda1 0.99780 | lambda2 0.010542
Iter 40100: Loss 0.000184 | lambda1 0.99780 | lambda2 0.010542
Iter 40200: Loss 0.000184 | lambda1 0.99780 | lambda2 0.010542
Iter 40300: Loss 0.000184 | lambda1 0.99780 | lambda2 0.010542
Iter 40400: Loss 0.000184 | lambda1 0.99780 | lambda2 0.010542
Iter 40500: Loss 0.000184 | lambda1 0.99780 | lambda2 0.010542
Iter 40600: Loss 0.000184 | lambda1 0.99780 | lambda2 0.010542
Iter 40700: Loss 0.000184 | lambda1 0.99780 | lambda2 0.010542
Iter 40800: Loss 0.000184 | lambda1 0.99780 | lambda2 0.010542
Iter 40900: Loss 0.000184 | lambda1 0.99780 | lambda2 0.010542
Iter 41000: Loss 0.000184 | lambda1 0.99780 | lambda2 0.010542

Discovered Parameters:
  lambda1 = 0.997801 (target: 1.0, error: 0.22%)
  lambda2 = 0.010542 (target: 0.01, error: 5.42%)

Model saved to 'navier_stokes.pth'
Loading training data...
Stats saved: t_mean=9.82, x_std=2.04...
Initial: lambda1=0.0000, lambda2=0.00000
Iter    0: Loss 8.972640 | Data 0.897264 | Phys 0.000001 | lambda1 -0.0000 | lambda2 -0.00096
Iter  500: Loss 0.941873 | Data 0.094177 | Phys 0.000102 | lambda1 0.0023 | lambda2 0.00050
Iter 1000: Loss 0.901554 | Data 0.090134 | Phys 0.000217 | lambda1 0.0566 | lambda2 0.00122
Iter 1500: Loss 0.885091 | Data 0.088477 | Phys 0.000321 | lambda1 0.0572 | lambda2 0.00102
Iter 2000: Loss 0.883955 | Data 0.088333 | Phys 0.000626 | lambda1 0.0782 | lambda2 0.00226
Iter 2500: Loss 0.721896 | Data 0.071469 | Phys 0.007208 | lambda1 0.5166 | lambda2 0.01175
Iter 3000: Loss 0.660617 | Data 0.064918 | Phys 0.011432 | lambda1 0.6674 | lambda2 0.01027
Iter 3500: Loss 0.367597 | Data 0.034857 | Phys 0.019030 | lambda1 0.7343 | lambda2 0.01015
Iter 4000: Loss 0.238883 | Data 0.022299 | Phys 0.015897 | lambda1 0.7559 | lambda2 0.01060
Iter 4500: Loss 0.213150 | Data 0.019803 | Phys 0.015117 | lambda1 0.7622 | lambda2 0.01085
Iter 4999: Loss 0.190939 | Data 0.017459 | Phys 0.016349 | lambda1 0.7767 | lambda2 0.01148

After Adam: lambda1=0.7767, lambda2=0.01148
Iter  5100: Loss 0.159749 | lambda1 0.77926 | lambda2 0.012323
Iter  5200: Loss 0.139500 | lambda1 0.79583 | lambda2 0.014345
Iter  5300: Loss 0.129286 | lambda1 0.80533 | lambda2 0.014376
Iter  5400: Loss 0.121015 | lambda1 0.81094 | lambda2 0.013288
Iter  5500: Loss 0.113770 | lambda1 0.81289 | lambda2 0.012225
Iter  5600: Loss 0.107772 | lambda1 0.81158 | lambda2 0.011356
Iter  5700: Loss 0.101819 | lambda1 0.81246 | lambda2 0.011707
Iter  5800: Loss 0.096325 | lambda1 0.81903 | lambda2 0.014899
Iter  5900: Loss 0.093149 | lambda1 0.82349 | lambda2 0.014812
Iter  6000: Loss 0.090821 | lambda1 0.82486 | lambda2 0.014472
Iter  6100: Loss 0.088171 | lambda1 0.82598 | lambda2 0.014295
Iter  6200: Loss 0.085443 | lambda1 0.82484 | lambda2 0.016542
Iter  6300: Loss 0.083172 | lambda1 0.82482 | lambda2 0.016333
Iter  6400: Loss 0.080842 | lambda1 0.82695 | lambda2 0.016191
Iter  6500: Loss 0.078317 | lambda1 0.82845 | lambda2 0.016296
Iter  6600: Loss 0.076765 | lambda1 0.83060 | lambda2 0.017347
Iter  6700: Loss 0.074768 | lambda1 0.83530 | lambda2 0.016833
Iter  6800: Loss 0.073247 | lambda1 0.83906 | lambda2 0.016940
Iter  6900: Loss 0.071929 | lambda1 0.84235 | lambda2 0.017633
Iter  7000: Loss 0.070278 | lambda1 0.84623 | lambda2 0.016285
Iter  7100: Loss 0.069248 | lambda1 0.84652 | lambda2 0.017271
Iter  7200: Loss 0.068088 | lambda1 0.84547 | lambda2 0.017772
Iter  7300: Loss 0.067103 | lambda1 0.84411 | lambda2 0.014909
Iter  7400: Loss 0.066214 | lambda1 0.84274 | lambda2 0.015518
Iter  7500: Loss 0.065448 | lambda1 0.84207 | lambda2 0.016872
Iter  7600: Loss 0.064716 | lambda1 0.84185 | lambda2 0.015434
Iter  7700: Loss 0.063909 | lambda1 0.84306 | lambda2 0.014499
Iter  7800: Loss 0.063161 | lambda1 0.84555 | lambda2 0.017135
Iter  7900: Loss 0.062279 | lambda1 0.84917 | lambda2 0.017214
Iter  8000: Loss 0.061470 | lambda1 0.85191 | lambda2 0.014946
Iter  8100: Loss 0.060825 | lambda1 0.85367 | lambda2 0.015838
Iter  8200: Loss 0.060236 | lambda1 0.85584 | lambda2 0.016763
Iter  8300: Loss 0.059599 | lambda1 0.85904 | lambda2 0.017095
Iter  8400: Loss 0.059228 | lambda1 0.86165 | lambda2 0.015467
Iter  8500: Loss 0.058789 | lambda1 0.86480 | lambda2 0.015587
Iter  8600: Loss 0.058394 | lambda1 0.86718 | lambda2 0.017033
Iter  8700: Loss 0.057973 | lambda1 0.87014 | lambda2 0.016841
Iter  8800: Loss 0.057435 | lambda1 0.87188 | lambda2 0.015898
Iter  8900: Loss 0.056795 | lambda1 0.87285 | lambda2 0.015991
Iter  9000: Loss 0.056256 | lambda1 0.87374 | lambda2 0.016257
Iter  9100: Loss 0.055633 | lambda1 0.87189 | lambda2 0.016799
Iter  9200: Loss 0.055066 | lambda1 0.87185 | lambda2 0.016016
Iter  9300: Loss 0.054525 | lambda1 0.87055 | lambda2 0.015816
Iter  9400: Loss 0.054026 | lambda1 0.86872 | lambda2 0.016804
Iter  9500: Loss 0.053619 | lambda1 0.86719 | lambda2 0.017138
Iter  9600: Loss 0.053082 | lambda1 0.86629 | lambda2 0.016667
Iter  9700: Loss 0.052611 | lambda1 0.86575 | lambda2 0.017037
Iter  9800: Loss 0.052222 | lambda1 0.86550 | lambda2 0.017527
Iter  9900: Loss 0.051846 | lambda1 0.86607 | lambda2 0.017772
Iter 10000: Loss 0.051306 | lambda1 0.86859 | lambda2 0.018005
Iter 10100: Loss 0.051004 | lambda1 0.87052 | lambda2 0.018684
Iter 10200: Loss 0.050714 | lambda1 0.87324 | lambda2 0.018394
Iter 10300: Loss 0.050085 | lambda1 0.87684 | lambda2 0.018244
Iter 10400: Loss 0.049769 | lambda1 0.87871 | lambda2 0.018652
Iter 10500: Loss 0.049453 | lambda1 0.88123 | lambda2 0.019108
Iter 10600: Loss 0.049155 | lambda1 0.88231 | lambda2 0.018977
Iter 10700: Loss 0.048853 | lambda1 0.88331 | lambda2 0.018418
Iter 10800: Loss 0.048515 | lambda1 0.88354 | lambda2 0.018524
Iter 10900: Loss 0.048203 | lambda1 0.88441 | lambda2 0.019169
Iter 11000: Loss 0.047895 | lambda1 0.88343 | lambda2 0.018293
Iter 11100: Loss 0.047543 | lambda1 0.88319 | lambda2 0.018224
Iter 11200: Loss 0.047293 | lambda1 0.88226 | lambda2 0.019042
Iter 11300: Loss 0.047022 | lambda1 0.88114 | lambda2 0.018948
Iter 11400: Loss 0.046686 | lambda1 0.88122 | lambda2 0.018072
Iter 11500: Loss 0.046446 | lambda1 0.88175 | lambda2 0.018165
Iter 11600: Loss 0.046131 | lambda1 0.88344 | lambda2 0.018985
Iter 11700: Loss 0.045779 | lambda1 0.88493 | lambda2 0.018746
Iter 11800: Loss 0.045608 | lambda1 0.88597 | lambda2 0.017480
Iter 11900: Loss 0.045379 | lambda1 0.88769 | lambda2 0.018238
Iter 12000: Loss 0.045160 | lambda1 0.88931 | lambda2 0.018889
Iter 12100: Loss 0.044822 | lambda1 0.89168 | lambda2 0.017887
Iter 12200: Loss 0.044496 | lambda1 0.89373 | lambda2 0.017439
Iter 12300: Loss 0.044255 | lambda1 0.89477 | lambda2 0.019031
Iter 12400: Loss 0.044032 | lambda1 0.89620 | lambda2 0.019543
Iter 12500: Loss 0.043789 | lambda1 0.89739 | lambda2 0.017742
Iter 12600: Loss 0.043519 | lambda1 0.89867 | lambda2 0.018064
Iter 12700: Loss 0.043296 | lambda1 0.89936 | lambda2 0.019572
Iter 12800: Loss 0.043008 | lambda1 0.89990 | lambda2 0.019299
Iter 12900: Loss 0.042736 | lambda1 0.90075 | lambda2 0.017547
Iter 13000: Loss 0.042452 | lambda1 0.90061 | lambda2 0.017426
Iter 13100: Loss 0.042187 | lambda1 0.90143 | lambda2 0.019849
Iter 13200: Loss 0.041861 | lambda1 0.90115 | lambda2 0.017982
Iter 13300: Loss 0.041532 | lambda1 0.90031 | lambda2 0.016522
Iter 13400: Loss 0.041252 | lambda1 0.89922 | lambda2 0.018295
Iter 13500: Loss 0.040972 | lambda1 0.89853 | lambda2 0.018930
Iter 13600: Loss 0.040672 | lambda1 0.89688 | lambda2 0.017627
Iter 13700: Loss 0.040353 | lambda1 0.89599 | lambda2 0.017789
Iter 13800: Loss 0.040007 | lambda1 0.89571 | lambda2 0.017961
Iter 13900: Loss 0.039700 | lambda1 0.89718 | lambda2 0.016739
Iter 14000: Loss 0.039395 | lambda1 0.89996 | lambda2 0.016997
Iter 14100: Loss 0.039069 | lambda1 0.90265 | lambda2 0.017249
Iter 14200: Loss 0.038785 | lambda1 0.90541 | lambda2 0.017006
Iter 14300: Loss 0.038479 | lambda1 0.90847 | lambda2 0.015892
Iter 14400: Loss 0.038143 | lambda1 0.91134 | lambda2 0.017073
Iter 14500: Loss 0.037822 | lambda1 0.91312 | lambda2 0.017089
Iter 14600: Loss 0.037491 | lambda1 0.91487 | lambda2 0.017499
Iter 14700: Loss 0.037215 | lambda1 0.91643 | lambda2 0.017666
Iter 14800: Loss 0.036936 | lambda1 0.91706 | lambda2 0.016452
Iter 14900: Loss 0.036657 | lambda1 0.91803 | lambda2 0.017165
Iter 15000: Loss 0.036379 | lambda1 0.91772 | lambda2 0.017606
Iter 15100: Loss 0.036142 | lambda1 0.91647 | lambda2 0.015489
Iter 15200: Loss 0.035902 | lambda1 0.91473 | lambda2 0.016401
Iter 15300: Loss 0.035600 | lambda1 0.91190 | lambda2 0.017065
Iter 15400: Loss 0.035340 | lambda1 0.90905 | lambda2 0.015125
Iter 15500: Loss 0.035136 | lambda1 0.90719 | lambda2 0.015267
Iter 15600: Loss 0.034922 | lambda1 0.90561 | lambda2 0.016084
Iter 15700: Loss 0.034694 | lambda1 0.90526 | lambda2 0.015720
Iter 15800: Loss 0.034463 | lambda1 0.90583 | lambda2 0.014418
Iter 15900: Loss 0.034240 | lambda1 0.90635 | lambda2 0.014702
Iter 16000: Loss 0.033997 | lambda1 0.90773 | lambda2 0.015275
Iter 16100: Loss 0.033793 | lambda1 0.90950 | lambda2 0.015288
Iter 16200: Loss 0.033620 | lambda1 0.91119 | lambda2 0.014864
Iter 16300: Loss 0.033407 | lambda1 0.91326 | lambda2 0.015844
Iter 16400: Loss 0.033134 | lambda1 0.91602 | lambda2 0.014955
Iter 16500: Loss 0.032877 | lambda1 0.91978 | lambda2 0.015396
Iter 16600: Loss 0.032643 | lambda1 0.92274 | lambda2 0.016133
Iter 16700: Loss 0.032449 | lambda1 0.92414 | lambda2 0.015543
Iter 16800: Loss 0.032188 | lambda1 0.92539 | lambda2 0.014361
Iter 16900: Loss 0.032018 | lambda1 0.92617 | lambda2 0.015444
Iter 17000: Loss 0.031781 | lambda1 0.92515 | lambda2 0.016445
Iter 17100: Loss 0.031544 | lambda1 0.92373 | lambda2 0.015483
Iter 17200: Loss 0.031353 | lambda1 0.92288 | lambda2 0.013867
Iter 17300: Loss 0.031157 | lambda1 0.92294 | lambda2 0.014880
Iter 17400: Loss 0.030920 | lambda1 0.92037 | lambda2 0.014662
Iter 17500: Loss 0.030626 | lambda1 0.91928 | lambda2 0.014125
Iter 17600: Loss 0.030384 | lambda1 0.91792 | lambda2 0.015398
Iter 17700: Loss 0.030187 | lambda1 0.91925 | lambda2 0.013859
Iter 17800: Loss 0.029957 | lambda1 0.92133 | lambda2 0.013852
Iter 17900: Loss 0.029777 | lambda1 0.92393 | lambda2 0.014145
Iter 18000: Loss 0.029565 | lambda1 0.92608 | lambda2 0.014594
Iter 18100: Loss 0.029343 | lambda1 0.92890 | lambda2 0.014129
Iter 18200: Loss 0.029148 | lambda1 0.93132 | lambda2 0.013506
Iter 18300: Loss 0.028922 | lambda1 0.93363 | lambda2 0.014605
Iter 18400: Loss 0.028730 | lambda1 0.93336 | lambda2 0.014590
Iter 18500: Loss 0.028497 | lambda1 0.93434 | lambda2 0.012949
Iter 18600: Loss 0.028333 | lambda1 0.93375 | lambda2 0.013969
Iter 18700: Loss 0.028112 | lambda1 0.93331 | lambda2 0.013873
Iter 18800: Loss 0.027935 | lambda1 0.93260 | lambda2 0.013065
Iter 18900: Loss 0.027753 | lambda1 0.93059 | lambda2 0.012624
Iter 19000: Loss 0.027597 | lambda1 0.93012 | lambda2 0.013487
Iter 19100: Loss 0.027389 | lambda1 0.92940 | lambda2 0.013375
Iter 19200: Loss 0.027230 | lambda1 0.92898 | lambda2 0.012563
Iter 19300: Loss 0.027088 | lambda1 0.92966 | lambda2 0.012894
Iter 19400: Loss 0.026930 | lambda1 0.92973 | lambda2 0.013757
Iter 19500: Loss 0.026775 | lambda1 0.92959 | lambda2 0.012927
Iter 19600: Loss 0.026555 | lambda1 0.93183 | lambda2 0.012107
Iter 19700: Loss 0.026383 | lambda1 0.93301 | lambda2 0.013213
Iter 19800: Loss 0.026192 | lambda1 0.93465 | lambda2 0.013517
Iter 19900: Loss 0.026023 | lambda1 0.93620 | lambda2 0.012218
Iter 20000: Loss 0.025876 | lambda1 0.93706 | lambda2 0.013228
Iter 20100: Loss 0.025739 | lambda1 0.93789 | lambda2 0.013302
Iter 20200: Loss 0.025585 | lambda1 0.93901 | lambda2 0.011962
Iter 20300: Loss 0.025472 | lambda1 0.93944 | lambda2 0.012275
Iter 20400: Loss 0.025341 | lambda1 0.93884 | lambda2 0.013038
Iter 20500: Loss 0.025207 | lambda1 0.93790 | lambda2 0.012042
Iter 20600: Loss 0.025046 | lambda1 0.93644 | lambda2 0.012113
Iter 20700: Loss 0.024855 | lambda1 0.93454 | lambda2 0.012335
Iter 20800: Loss 0.024700 | lambda1 0.93305 | lambda2 0.012881
Iter 20900: Loss 0.024567 | lambda1 0.93279 | lambda2 0.012104
Iter 21000: Loss 0.024412 | lambda1 0.93248 | lambda2 0.012894
Iter 21100: Loss 0.024282 | lambda1 0.93267 | lambda2 0.012828
Iter 21200: Loss 0.024122 | lambda1 0.93369 | lambda2 0.011923
Iter 21300: Loss 0.023941 | lambda1 0.93519 | lambda2 0.012390
Iter 21400: Loss 0.023779 | lambda1 0.93714 | lambda2 0.012726
Iter 21500: Loss 0.023636 | lambda1 0.93905 | lambda2 0.013029
Iter 21600: Loss 0.023460 | lambda1 0.94044 | lambda2 0.012614
Iter 21700: Loss 0.023328 | lambda1 0.94160 | lambda2 0.012754
Iter 21800: Loss 0.023197 | lambda1 0.94213 | lambda2 0.012830
Iter 21900: Loss 0.023065 | lambda1 0.94257 | lambda2 0.012400
Iter 22000: Loss 0.022912 | lambda1 0.94306 | lambda2 0.012217
Iter 22100: Loss 0.022779 | lambda1 0.94319 | lambda2 0.012417
Iter 22200: Loss 0.022638 | lambda1 0.94321 | lambda2 0.012584
Iter 22300: Loss 0.022512 | lambda1 0.94237 | lambda2 0.012822
Iter 22400: Loss 0.022371 | lambda1 0.94192 | lambda2 0.012567
Iter 22500: Loss 0.022242 | lambda1 0.94165 | lambda2 0.012012
Iter 22600: Loss 0.022105 | lambda1 0.94231 | lambda2 0.012685
Iter 22700: Loss 0.021966 | lambda1 0.94206 | lambda2 0.012904
Iter 22800: Loss 0.021807 | lambda1 0.94161 | lambda2 0.012267
Iter 22900: Loss 0.021682 | lambda1 0.94163 | lambda2 0.013274
Iter 23000: Loss 0.021552 | lambda1 0.94245 | lambda2 0.012681
Iter 23100: Loss 0.021436 | lambda1 0.94319 | lambda2 0.012346
Iter 23200: Loss 0.021324 | lambda1 0.94370 | lambda2 0.012877
Iter 23300: Loss 0.021192 | lambda1 0.94481 | lambda2 0.012939
Iter 23400: Loss 0.021060 | lambda1 0.94586 | lambda2 0.012882
Iter 23500: Loss 0.020977 | lambda1 0.94622 | lambda2 0.013041
Iter 23600: Loss 0.020862 | lambda1 0.94707 | lambda2 0.013408
Iter 23700: Loss 0.020736 | lambda1 0.94739 | lambda2 0.012720
Iter 23800: Loss 0.020594 | lambda1 0.94749 | lambda2 0.012625
Iter 23900: Loss 0.020489 | lambda1 0.94784 | lambda2 0.012653
Iter 24000: Loss 0.020360 | lambda1 0.94777 | lambda2 0.012397
Iter 24100: Loss 0.020246 | lambda1 0.94781 | lambda2 0.012537
Iter 24200: Loss 0.020133 | lambda1 0.94761 | lambda2 0.012762
Iter 24300: Loss 0.019981 | lambda1 0.94749 | lambda2 0.012085
Iter 24400: Loss 0.019811 | lambda1 0.94727 | lambda2 0.012526
Iter 24500: Loss 0.019695 | lambda1 0.94700 | lambda2 0.012188
Iter 24600: Loss 0.019580 | lambda1 0.94701 | lambda2 0.012220
Iter 24700: Loss 0.019447 | lambda1 0.94721 | lambda2 0.012404
Iter 24800: Loss 0.019313 | lambda1 0.94747 | lambda2 0.012262
Iter 24900: Loss 0.019221 | lambda1 0.94809 | lambda2 0.011826
Iter 25000: Loss 0.019125 | lambda1 0.94882 | lambda2 0.011899
Iter 25100: Loss 0.019003 | lambda1 0.94994 | lambda2 0.012078
Iter 25200: Loss 0.018876 | lambda1 0.95149 | lambda2 0.011747
Iter 25300: Loss 0.018747 | lambda1 0.95279 | lambda2 0.012137
Iter 25400: Loss 0.018643 | lambda1 0.95359 | lambda2 0.011948
Iter 25500: Loss 0.018520 | lambda1 0.95449 | lambda2 0.011784
Iter 25600: Loss 0.018399 | lambda1 0.95551 | lambda2 0.012338
Iter 25700: Loss 0.018282 | lambda1 0.95596 | lambda2 0.011715
Iter 25800: Loss 0.018170 | lambda1 0.95550 | lambda2 0.012196
Iter 25900: Loss 0.018067 | lambda1 0.95507 | lambda2 0.012033
Iter 26000: Loss 0.017941 | lambda1 0.95417 | lambda2 0.011478
Iter 26100: Loss 0.017805 | lambda1 0.95298 | lambda2 0.011981
Iter 26200: Loss 0.017681 | lambda1 0.95153 | lambda2 0.011743
Iter 26300: Loss 0.017547 | lambda1 0.95019 | lambda2 0.011672
Iter 26400: Loss 0.017427 | lambda1 0.94914 | lambda2 0.011802
Iter 26500: Loss 0.017296 | lambda1 0.94806 | lambda2 0.011494
Iter 26600: Loss 0.017191 | lambda1 0.94783 | lambda2 0.011362
Iter 26700: Loss 0.017073 | lambda1 0.94836 | lambda2 0.011319
Iter 26800: Loss 0.016969 | lambda1 0.94901 | lambda2 0.011611
Iter 26900: Loss 0.016839 | lambda1 0.95075 | lambda2 0.011211
Iter 27000: Loss 0.016726 | lambda1 0.95244 | lambda2 0.011161
Iter 27100: Loss 0.016599 | lambda1 0.95333 | lambda2 0.011377
Iter 27200: Loss 0.016468 | lambda1 0.95431 | lambda2 0.011427
Iter 27300: Loss 0.016310 | lambda1 0.95428 | lambda2 0.011475
Iter 27400: Loss 0.016169 | lambda1 0.95419 | lambda2 0.011101
Iter 27500: Loss 0.016032 | lambda1 0.95372 | lambda2 0.011050
Iter 27600: Loss 0.015917 | lambda1 0.95298 | lambda2 0.011028
Iter 27700: Loss 0.015782 | lambda1 0.95316 | lambda2 0.011285
Iter 27800: Loss 0.015655 | lambda1 0.95263 | lambda2 0.011295
Iter 27900: Loss 0.015514 | lambda1 0.95216 | lambda2 0.011156
Iter 28000: Loss 0.015410 | lambda1 0.95234 | lambda2 0.011235
Iter 28100: Loss 0.015312 | lambda1 0.95292 | lambda2 0.011440
Iter 28200: Loss 0.015216 | lambda1 0.95375 | lambda2 0.011032
Iter 28300: Loss 0.015089 | lambda1 0.95533 | lambda2 0.011271
Iter 28400: Loss 0.014974 | lambda1 0.95697 | lambda2 0.011863
Iter 28500: Loss 0.014861 | lambda1 0.95829 | lambda2 0.011199
Iter 28600: Loss 0.014754 | lambda1 0.95905 | lambda2 0.011664
Iter 28700: Loss 0.014669 | lambda1 0.95968 | lambda2 0.011821
Iter 28800: Loss 0.014575 | lambda1 0.95943 | lambda2 0.011270
Iter 28900: Loss 0.014460 | lambda1 0.95861 | lambda2 0.011613
Iter 29000: Loss 0.014323 | lambda1 0.95784 | lambda2 0.011364
Iter 29100: Loss 0.014212 | lambda1 0.95668 | lambda2 0.011082
Iter 29200: Loss 0.014088 | lambda1 0.95565 | lambda2 0.011705
Iter 29300: Loss 0.013954 | lambda1 0.95500 | lambda2 0.011008
Iter 29400: Loss 0.013864 | lambda1 0.95410 | lambda2 0.011659
Iter 29500: Loss 0.013777 | lambda1 0.95369 | lambda2 0.011485
Iter 29600: Loss 0.013677 | lambda1 0.95444 | lambda2 0.011166
Iter 29700: Loss 0.013565 | lambda1 0.95631 | lambda2 0.012060
Iter 29800: Loss 0.013464 | lambda1 0.95813 | lambda2 0.011350
Iter 29900: Loss 0.013347 | lambda1 0.95990 | lambda2 0.011454
Iter 30000: Loss 0.013254 | lambda1 0.96204 | lambda2 0.012203
Iter 30100: Loss 0.013166 | lambda1 0.96347 | lambda2 0.011363
Iter 30200: Loss 0.013053 | lambda1 0.96514 | lambda2 0.012081
Iter 30300: Loss 0.012930 | lambda1 0.96674 | lambda2 0.011972
Iter 30400: Loss 0.012821 | lambda1 0.96699 | lambda2 0.011197
Iter 30500: Loss 0.012699 | lambda1 0.96735 | lambda2 0.012177
Iter 30600: Loss 0.012560 | lambda1 0.96677 | lambda2 0.011422
Iter 30700: Loss 0.012437 | lambda1 0.96537 | lambda2 0.011644
Iter 30800: Loss 0.012297 | lambda1 0.96329 | lambda2 0.011262
Iter 30900: Loss 0.012169 | lambda1 0.96097 | lambda2 0.011284
Iter 31000: Loss 0.012009 | lambda1 0.95916 | lambda2 0.011263
Iter 31100: Loss 0.011861 | lambda1 0.95839 | lambda2 0.011105
Iter 31200: Loss 0.011751 | lambda1 0.95936 | lambda2 0.011321
Iter 31300: Loss 0.011637 | lambda1 0.96031 | lambda2 0.011262
Iter 31400: Loss 0.011528 | lambda1 0.96146 | lambda2 0.010968
Iter 31500: Loss 0.011405 | lambda1 0.96308 | lambda2 0.011074
Iter 31600: Loss 0.011279 | lambda1 0.96474 | lambda2 0.010998
Iter 31700: Loss 0.011186 | lambda1 0.96585 | lambda2 0.011357
Iter 31800: Loss 0.011099 | lambda1 0.96598 | lambda2 0.011308
Iter 31900: Loss 0.011024 | lambda1 0.96561 | lambda2 0.010799
Iter 32000: Loss 0.010928 | lambda1 0.96449 | lambda2 0.011255
Iter 32100: Loss 0.010848 | lambda1 0.96343 | lambda2 0.010615
Iter 32200: Loss 0.010760 | lambda1 0.96181 | lambda2 0.011099
Iter 32300: Loss 0.010652 | lambda1 0.95985 | lambda2 0.011198
Iter 32400: Loss 0.010570 | lambda1 0.95907 | lambda2 0.010727
Iter 32500: Loss 0.010479 | lambda1 0.95940 | lambda2 0.011218
Iter 32600: Loss 0.010384 | lambda1 0.96042 | lambda2 0.010667
Iter 32700: Loss 0.010274 | lambda1 0.96238 | lambda2 0.011644
Iter 32800: Loss 0.010152 | lambda1 0.96416 | lambda2 0.010622
Iter 32900: Loss 0.010030 | lambda1 0.96611 | lambda2 0.011584
Iter 33000: Loss 0.009943 | lambda1 0.96803 | lambda2 0.011040
Iter 33100: Loss 0.009839 | lambda1 0.96869 | lambda2 0.011511
Iter 33200: Loss 0.009744 | lambda1 0.96990 | lambda2 0.011305
Iter 33300: Loss 0.009606 | lambda1 0.97151 | lambda2 0.011552
Iter 33400: Loss 0.009508 | lambda1 0.97059 | lambda2 0.010789
Iter 33500: Loss 0.009418 | lambda1 0.96904 | lambda2 0.011495
Iter 33600: Loss 0.009344 | lambda1 0.96826 | lambda2 0.011077
Iter 33700: Loss 0.009237 | lambda1 0.96777 | lambda2 0.011062
Iter 33800: Loss 0.009121 | lambda1 0.96737 | lambda2 0.010837
Iter 33900: Loss 0.009022 | lambda1 0.96763 | lambda2 0.011144
Iter 34000: Loss 0.008915 | lambda1 0.96792 | lambda2 0.011158
Iter 34100: Loss 0.008798 | lambda1 0.96875 | lambda2 0.010970
Iter 34200: Loss 0.008675 | lambda1 0.96999 | lambda2 0.011473
Iter 34300: Loss 0.008584 | lambda1 0.97111 | lambda2 0.010770
Iter 34400: Loss 0.008502 | lambda1 0.97196 | lambda2 0.011437
Iter 34500: Loss 0.008437 | lambda1 0.97183 | lambda2 0.010753
Iter 34600: Loss 0.008368 | lambda1 0.97202 | lambda2 0.011439
Iter 34700: Loss 0.008280 | lambda1 0.97161 | lambda2 0.010886
Iter 34800: Loss 0.008179 | lambda1 0.97113 | lambda2 0.011142
Iter 34900: Loss 0.008093 | lambda1 0.97073 | lambda2 0.010818
Iter 35000: Loss 0.008011 | lambda1 0.97034 | lambda2 0.011242
Iter 35100: Loss 0.007938 | lambda1 0.97046 | lambda2 0.011015
Iter 35200: Loss 0.007871 | lambda1 0.97131 | lambda2 0.011246
Iter 35300: Loss 0.007793 | lambda1 0.97298 | lambda2 0.011133
Iter 35400: Loss 0.007719 | lambda1 0.97475 | lambda2 0.011150
Iter 35500: Loss 0.007645 | lambda1 0.97630 | lambda2 0.010717
Iter 35600: Loss 0.007557 | lambda1 0.97737 | lambda2 0.011000
Iter 35700: Loss 0.007481 | lambda1 0.97748 | lambda2 0.010756
Iter 35800: Loss 0.007391 | lambda1 0.97683 | lambda2 0.010706
Iter 35900: Loss 0.007295 | lambda1 0.97511 | lambda2 0.010518
Iter 36000: Loss 0.007221 | lambda1 0.97334 | lambda2 0.010699
Iter 36100: Loss 0.007151 | lambda1 0.97228 | lambda2 0.010575
Iter 36200: Loss 0.007076 | lambda1 0.97191 | lambda2 0.010476
Iter 36300: Loss 0.006992 | lambda1 0.97225 | lambda2 0.010604
Iter 36400: Loss 0.006916 | lambda1 0.97337 | lambda2 0.010591
Iter 36500: Loss 0.006848 | lambda1 0.97499 | lambda2 0.010501
Iter 36600: Loss 0.006796 | lambda1 0.97633 | lambda2 0.010688
Iter 36700: Loss 0.006729 | lambda1 0.97785 | lambda2 0.010642
Iter 36800: Loss 0.006691 | lambda1 0.97894 | lambda2 0.010794
Iter 36900: Loss 0.006570 | lambda1 0.97918 | lambda2 0.010867
Iter 37000: Loss 0.006494 | lambda1 0.97827 | lambda2 0.010601
Iter 37100: Loss 0.006401 | lambda1 0.97710 | lambda2 0.010781
Iter 37200: Loss 0.006318 | lambda1 0.97539 | lambda2 0.010797
Iter 37300: Loss 0.006250 | lambda1 0.97439 | lambda2 0.010305
Iter 37400: Loss 0.006170 | lambda1 0.97273 | lambda2 0.011016
Iter 37500: Loss 0.006094 | lambda1 0.97285 | lambda2 0.010337
Iter 37600: Loss 0.006034 | lambda1 0.97424 | lambda2 0.010649
Iter 37700: Loss 0.005968 | lambda1 0.97705 | lambda2 0.010185
Iter 37800: Loss 0.005909 | lambda1 0.97918 | lambda2 0.010824
Iter 37900: Loss 0.005842 | lambda1 0.98099 | lambda2 0.010493
Iter 38000: Loss 0.005766 | lambda1 0.98323 | lambda2 0.010723
Iter 38100: Loss 0.005697 | lambda1 0.98284 | lambda2 0.010459
Iter 38200: Loss 0.005623 | lambda1 0.98267 | lambda2 0.011018
Iter 38300: Loss 0.005553 | lambda1 0.98223 | lambda2 0.010735
Iter 38400: Loss 0.005478 | lambda1 0.98161 | lambda2 0.010772
Iter 38500: Loss 0.005407 | lambda1 0.97939 | lambda2 0.010642
Iter 38600: Loss 0.005331 | lambda1 0.97890 | lambda2 0.010614
Iter 38700: Loss 0.005270 | lambda1 0.97844 | lambda2 0.010363
Iter 38800: Loss 0.005222 | lambda1 0.97888 | lambda2 0.010528
Iter 38900: Loss 0.005167 | lambda1 0.97954 | lambda2 0.010526
Iter 39000: Loss 0.005112 | lambda1 0.98154 | lambda2 0.010406
Iter 39100: Loss 0.005047 | lambda1 0.98344 | lambda2 0.010389
Iter 39200: Loss 0.004969 | lambda1 0.98419 | lambda2 0.010755
Iter 39300: Loss 0.004906 | lambda1 0.98463 | lambda2 0.010679
Iter 39400: Loss 0.004855 | lambda1 0.98453 | lambda2 0.010583
Iter 39500: Loss 0.004803 | lambda1 0.98291 | lambda2 0.010466
Iter 39600: Loss 0.004739 | lambda1 0.98226 | lambda2 0.010644
Iter 39700: Loss 0.004690 | lambda1 0.98067 | lambda2 0.010524
Iter 39800: Loss 0.004644 | lambda1 0.98096 | lambda2 0.010588
Iter 39900: Loss 0.004595 | lambda1 0.98117 | lambda2 0.010466
Iter 40000: Loss 0.004547 | lambda1 0.98152 | lambda2 0.010736
Iter 40100: Loss 0.004500 | lambda1 0.98250 | lambda2 0.010526
Iter 40200: Loss 0.004459 | lambda1 0.98367 | lambda2 0.010886
Iter 40300: Loss 0.004420 | lambda1 0.98405 | lambda2 0.010263
Iter 40400: Loss 0.004380 | lambda1 0.98361 | lambda2 0.010737
Iter 40500: Loss 0.004333 | lambda1 0.98312 | lambda2 0.010550
Iter 40600: Loss 0.004287 | lambda1 0.98275 | lambda2 0.010785
Iter 40700: Loss 0.004242 | lambda1 0.98177 | lambda2 0.010462
Iter 40800: Loss 0.004202 | lambda1 0.98140 | lambda2 0.010777
Iter 40900: Loss 0.004164 | lambda1 0.98220 | lambda2 0.010578
Iter 41000: Loss 0.004128 | lambda1 0.98335 | lambda2 0.010659
Iter 41100: Loss 0.004088 | lambda1 0.98424 | lambda2 0.010504
Iter 41200: Loss 0.004052 | lambda1 0.98457 | lambda2 0.010636
Iter 41300: Loss 0.004015 | lambda1 0.98492 | lambda2 0.010283
Iter 41400: Loss 0.003979 | lambda1 0.98470 | lambda2 0.010557
Iter 41500: Loss 0.003944 | lambda1 0.98441 | lambda2 0.010628
Iter 41600: Loss 0.003899 | lambda1 0.98442 | lambda2 0.010468
Iter 41700: Loss 0.003861 | lambda1 0.98445 | lambda2 0.010398
Iter 41800: Loss 0.003828 | lambda1 0.98402 | lambda2 0.010370
Iter 41900: Loss 0.003794 | lambda1 0.98327 | lambda2 0.010412
Iter 42000: Loss 0.003755 | lambda1 0.98282 | lambda2 0.010497
Iter 42100: Loss 0.003723 | lambda1 0.98305 | lambda2 0.010229
Iter 42200: Loss 0.003690 | lambda1 0.98360 | lambda2 0.010667
Iter 42300: Loss 0.003666 | lambda1 0.98414 | lambda2 0.010331
Iter 42400: Loss 0.003640 | lambda1 0.98502 | lambda2 0.010419
Iter 42500: Loss 0.003613 | lambda1 0.98572 | lambda2 0.010369
Iter 42600: Loss 0.003588 | lambda1 0.98664 | lambda2 0.010315
Iter 42700: Loss 0.003559 | lambda1 0.98723 | lambda2 0.010586
Iter 42800: Loss 0.003527 | lambda1 0.98805 | lambda2 0.010395
Iter 42900: Loss 0.003498 | lambda1 0.98835 | lambda2 0.010583
Iter 43000: Loss 0.003466 | lambda1 0.98785 | lambda2 0.010447
Iter 43100: Loss 0.003440 | lambda1 0.98747 | lambda2 0.010546
Iter 43200: Loss 0.003415 | lambda1 0.98705 | lambda2 0.010551
Iter 43300: Loss 0.003392 | lambda1 0.98693 | lambda2 0.010485
Iter 43400: Loss 0.003371 | lambda1 0.98715 | lambda2 0.010382
Iter 43500: Loss 0.003339 | lambda1 0.98741 | lambda2 0.010604
Iter 43600: Loss 0.003313 | lambda1 0.98771 | lambda2 0.010404
Iter 43700: Loss 0.003288 | lambda1 0.98806 | lambda2 0.010395
Iter 43800: Loss 0.003256 | lambda1 0.98886 | lambda2 0.010300
Iter 43900: Loss 0.003223 | lambda1 0.98928 | lambda2 0.010553
Iter 44000: Loss 0.003197 | lambda1 0.98933 | lambda2 0.010368
Iter 44100: Loss 0.003170 | lambda1 0.98913 | lambda2 0.010570
Iter 44200: Loss 0.003149 | lambda1 0.98855 | lambda2 0.010326
Iter 44300: Loss 0.003129 | lambda1 0.98772 | lambda2 0.010456
Iter 44400: Loss 0.003107 | lambda1 0.98644 | lambda2 0.010352
Iter 44500: Loss 0.003087 | lambda1 0.98576 | lambda2 0.010406
Iter 44600: Loss 0.003062 | lambda1 0.98530 | lambda2 0.010230
Iter 44700: Loss 0.003034 | lambda1 0.98508 | lambda2 0.010318
Iter 44800: Loss 0.003010 | lambda1 0.98581 | lambda2 0.010459
Iter 44900: Loss 0.002987 | lambda1 0.98648 | lambda2 0.010472
Iter 45000: Loss 0.002961 | lambda1 0.98744 | lambda2 0.010546
Iter 45100: Loss 0.002936 | lambda1 0.98811 | lambda2 0.010555
Iter 45200: Loss 0.002911 | lambda1 0.98915 | lambda2 0.010614
Iter 45300: Loss 0.002889 | lambda1 0.98914 | lambda2 0.010567
Iter 45400: Loss 0.002867 | lambda1 0.98887 | lambda2 0.010473
Iter 45500: Loss 0.002847 | lambda1 0.98878 | lambda2 0.010569
Iter 45600: Loss 0.002831 | lambda1 0.98841 | lambda2 0.010430
Iter 45700: Loss 0.002813 | lambda1 0.98733 | lambda2 0.010554
Iter 45800: Loss 0.002795 | lambda1 0.98676 | lambda2 0.010297
Iter 45900: Loss 0.002778 | lambda1 0.98706 | lambda2 0.010437
Iter 46000: Loss 0.002761 | lambda1 0.98761 | lambda2 0.010443
Iter 46100: Loss 0.002744 | lambda1 0.98801 | lambda2 0.010490
Iter 46200: Loss 0.002729 | lambda1 0.98850 | lambda2 0.010379
Iter 46300: Loss 0.002715 | lambda1 0.98877 | lambda2 0.010447
Iter 46400: Loss 0.002696 | lambda1 0.98951 | lambda2 0.010330
Iter 46500: Loss 0.002677 | lambda1 0.98997 | lambda2 0.010447
Iter 46600: Loss 0.002659 | lambda1 0.98992 | lambda2 0.010351
Iter 46700: Loss 0.002641 | lambda1 0.98979 | lambda2 0.010524
Iter 46800: Loss 0.002624 | lambda1 0.98936 | lambda2 0.010406
Iter 46900: Loss 0.002608 | lambda1 0.98941 | lambda2 0.010516
Iter 47000: Loss 0.002592 | lambda1 0.98879 | lambda2 0.010433
Iter 47100: Loss 0.002578 | lambda1 0.98831 | lambda2 0.010352
Iter 47200: Loss 0.002561 | lambda1 0.98797 | lambda2 0.010458
Iter 47300: Loss 0.002545 | lambda1 0.98808 | lambda2 0.010318
Iter 47400: Loss 0.002529 | lambda1 0.98839 | lambda2 0.010459
Iter 47500: Loss 0.002513 | lambda1 0.98873 | lambda2 0.010365
Iter 47600: Loss 0.002495 | lambda1 0.98942 | lambda2 0.010451
Iter 47700: Loss 0.002475 | lambda1 0.98983 | lambda2 0.010420
Iter 47800: Loss 0.002457 | lambda1 0.99031 | lambda2 0.010404
Iter 47900: Loss 0.002440 | lambda1 0.99068 | lambda2 0.010442
Iter 48000: Loss 0.002425 | lambda1 0.99082 | lambda2 0.010383
Iter 48100: Loss 0.002412 | lambda1 0.99090 | lambda2 0.010487
Iter 48200: Loss 0.002397 | lambda1 0.99089 | lambda2 0.010556
Iter 48300: Loss 0.002383 | lambda1 0.99081 | lambda2 0.010359
Iter 48400: Loss 0.002368 | lambda1 0.99083 | lambda2 0.010474
Iter 48500: Loss 0.002354 | lambda1 0.99109 | lambda2 0.010253
Iter 48600: Loss 0.002340 | lambda1 0.99127 | lambda2 0.010349
Iter 48700: Loss 0.002322 | lambda1 0.99135 | lambda2 0.010135
Iter 48800: Loss 0.002306 | lambda1 0.99136 | lambda2 0.010380
Iter 48900: Loss 0.002294 | lambda1 0.99145 | lambda2 0.010278
Iter 49000: Loss 0.002279 | lambda1 0.99148 | lambda2 0.010306
Iter 49100: Loss 0.002268 | lambda1 0.99165 | lambda2 0.010473
Iter 49200: Loss 0.002254 | lambda1 0.99179 | lambda2 0.010427
Iter 49300: Loss 0.002239 | lambda1 0.99200 | lambda2 0.010380
Iter 49400: Loss 0.002227 | lambda1 0.99195 | lambda2 0.010370
Iter 49500: Loss 0.002212 | lambda1 0.99177 | lambda2 0.010482
Iter 49600: Loss 0.002198 | lambda1 0.99142 | lambda2 0.010471
Iter 49700: Loss 0.002187 | lambda1 0.99093 | lambda2 0.010503
Iter 49800: Loss 0.002178 | lambda1 0.99046 | lambda2 0.010455
Iter 49900: Loss 0.002166 | lambda1 0.99009 | lambda2 0.010439
Iter 50000: Loss 0.002152 | lambda1 0.98989 | lambda2 0.010537
Iter 50100: Loss 0.002141 | lambda1 0.99018 | lambda2 0.010390
Iter 50200: Loss 0.002127 | lambda1 0.99072 | lambda2 0.010512
Iter 50300: Loss 0.002116 | lambda1 0.99142 | lambda2 0.010491
Iter 50400: Loss 0.002104 | lambda1 0.99204 | lambda2 0.010642
Iter 50500: Loss 0.002093 | lambda1 0.99247 | lambda2 0.010490
Iter 50600: Loss 0.002082 | lambda1 0.99298 | lambda2 0.010544
Iter 50700: Loss 0.002070 | lambda1 0.99288 | lambda2 0.010495
Iter 50800: Loss 0.002059 | lambda1 0.99255 | lambda2 0.010611
Iter 50900: Loss 0.002047 | lambda1 0.99221 | lambda2 0.010529
Iter 51000: Loss 0.002035 | lambda1 0.99173 | lambda2 0.010483
Iter 51100: Loss 0.002026 | lambda1 0.99140 | lambda2 0.010432
Iter 51200: Loss 0.002015 | lambda1 0.99094 | lambda2 0.010424
Iter 51300: Loss 0.002006 | lambda1 0.99094 | lambda2 0.010431
Iter 51400: Loss 0.001995 | lambda1 0.99162 | lambda2 0.010428
Iter 51500: Loss 0.001987 | lambda1 0.99222 | lambda2 0.010509
Iter 51600: Loss 0.001977 | lambda1 0.99238 | lambda2 0.010458
Iter 51700: Loss 0.001968 | lambda1 0.99233 | lambda2 0.010529
Iter 51800: Loss 0.001959 | lambda1 0.99200 | lambda2 0.010515
Iter 51900: Loss 0.001948 | lambda1 0.99113 | lambda2 0.010610
Iter 52000: Loss 0.001936 | lambda1 0.99086 | lambda2 0.010515
Iter 52100: Loss 0.001926 | lambda1 0.99061 | lambda2 0.010488
Iter 52200: Loss 0.001916 | lambda1 0.99050 | lambda2 0.010471
Iter 52300: Loss 0.001906 | lambda1 0.99066 | lambda2 0.010379
Iter 52400: Loss 0.001898 | lambda1 0.99097 | lambda2 0.010363
Iter 52500: Loss 0.001890 | lambda1 0.99144 | lambda2 0.010383
Iter 52600: Loss 0.001881 | lambda1 0.99199 | lambda2 0.010385
Iter 52700: Loss 0.001880 | lambda1 0.99207 | lambda2 0.010397
Iter 52800: Loss 0.001880 | lambda1 0.99207 | lambda2 0.010397
Iter 52900: Loss 0.001880 | lambda1 0.99207 | lambda2 0.010397
Iter 53000: Loss 0.001880 | lambda1 0.99207 | lambda2 0.010397

Discovered Parameters:
  lambda1 = 0.992066 (target: 1.0, error: 0.79%)
  lambda2 = 0.010397 (target: 0.01, error: 3.97%)

Model saved to 'navier_stokes.pth'
Loading training data...
Stats saved: t_mean=9.82, x_std=2.04...
Initial: lambda1=0.0000, lambda2=0.00000
Iter    0: Loss 89.428886 | Data 0.894289 | Phys 0.000001 | lambda1 -0.0001 | lambda2 0.00089
Iter  500: Loss 9.386893 | Data 0.093868 | Phys 0.000055 | lambda1 0.0171 | lambda2 -0.00051
Iter 1000: Loss 9.045467 | Data 0.090453 | Phys 0.000176 | lambda1 0.0601 | lambda2 0.00108
Iter 1500: Loss 9.023153 | Data 0.090229 | Phys 0.000291 | lambda1 0.0561 | lambda2 0.00129
Iter 2000: Loss 8.833698 | Data 0.088333 | Phys 0.000356 | lambda1 0.0544 | lambda2 0.00146
Iter 2500: Loss 8.796215 | Data 0.087958 | Phys 0.000383 | lambda1 0.0559 | lambda2 0.00157
Iter 3000: Loss 8.767369 | Data 0.087669 | Phys 0.000422 | lambda1 0.0570 | lambda2 0.00159
Iter 3500: Loss 8.748066 | Data 0.087476 | Phys 0.000446 | lambda1 0.0594 | lambda2 0.00165
Iter 4000: Loss 8.731677 | Data 0.087312 | Phys 0.000471 | lambda1 0.0615 | lambda2 0.00168
Iter 4500: Loss 8.714382 | Data 0.087139 | Phys 0.000506 | lambda1 0.0638 | lambda2 0.00168
Iter 4999: Loss 8.664374 | Data 0.086637 | Phys 0.000663 | lambda1 0.0700 | lambda2 0.00164

After Adam: lambda1=0.0700, lambda2=0.00164
Iter  5100: Loss 8.477003 | lambda1 0.07115 | lambda2 0.000765
Iter  5200: Loss 8.343533 | lambda1 0.07871 | lambda2 0.002804
Iter  5300: Loss 8.244643 | lambda1 0.09172 | lambda2 0.001785
Iter  5400: Loss 8.173580 | lambda1 0.10559 | lambda2 0.002775
Iter  5500: Loss 8.077257 | lambda1 0.12972 | lambda2 0.002438
Iter  5600: Loss 7.628466 | lambda1 0.17683 | lambda2 0.004543
Iter  5700: Loss 3.187442 | lambda1 0.22110 | lambda2 0.003965
Iter  5800: Loss 1.760064 | lambda1 0.28527 | lambda2 -0.003914
Iter  5900: Loss 1.279279 | lambda1 0.40559 | lambda2 0.006187
Iter  6000: Loss 1.020499 | lambda1 0.52376 | lambda2 0.009063
Iter  6100: Loss 0.906235 | lambda1 0.61188 | lambda2 0.005396
Iter  6200: Loss 0.824761 | lambda1 0.68985 | lambda2 0.011443
Iter  6300: Loss 0.761430 | lambda1 0.76382 | lambda2 0.010673
Iter  6400: Loss 0.706338 | lambda1 0.81220 | lambda2 0.007784
Iter  6500: Loss 0.660753 | lambda1 0.85598 | lambda2 0.013055
Iter  6600: Loss 0.618890 | lambda1 0.86236 | lambda2 0.009371
Iter  6700: Loss 0.584143 | lambda1 0.84372 | lambda2 0.011350
Iter  6800: Loss 0.555091 | lambda1 0.80924 | lambda2 0.011345
Iter  6900: Loss 0.533095 | lambda1 0.77770 | lambda2 0.007514
Iter  7000: Loss 0.512389 | lambda1 0.74720 | lambda2 0.010797
Iter  7100: Loss 0.491904 | lambda1 0.72268 | lambda2 0.008178
Iter  7200: Loss 0.474157 | lambda1 0.71463 | lambda2 0.007119
Iter  7300: Loss 0.457270 | lambda1 0.71989 | lambda2 0.010919
Iter  7400: Loss 0.435329 | lambda1 0.73486 | lambda2 0.006386
Iter  7500: Loss 0.413689 | lambda1 0.77485 | lambda2 0.009624
Iter  7600: Loss 0.397100 | lambda1 0.80497 | lambda2 0.009663
Iter  7700: Loss 0.381947 | lambda1 0.82936 | lambda2 0.008200
Iter  7800: Loss 0.368292 | lambda1 0.82918 | lambda2 0.011196
Iter  7900: Loss 0.356854 | lambda1 0.82801 | lambda2 0.007413
Iter  8000: Loss 0.343279 | lambda1 0.81146 | lambda2 0.011146
Iter  8100: Loss 0.328407 | lambda1 0.80556 | lambda2 0.007953
Iter  8200: Loss 0.314867 | lambda1 0.79900 | lambda2 0.010712
Iter  8300: Loss 0.302200 | lambda1 0.79636 | lambda2 0.008447
Iter  8400: Loss 0.292621 | lambda1 0.79854 | lambda2 0.010804
Iter  8500: Loss 0.279762 | lambda1 0.81902 | lambda2 0.010347
Iter  8600: Loss 0.266915 | lambda1 0.84099 | lambda2 0.012310
Iter  8700: Loss 0.255492 | lambda1 0.85769 | lambda2 0.011325
Iter  8800: Loss 0.243090 | lambda1 0.86125 | lambda2 0.013574
Iter  8900: Loss 0.232105 | lambda1 0.86217 | lambda2 0.012852
Iter  9000: Loss 0.219525 | lambda1 0.86151 | lambda2 0.013175
Iter  9100: Loss 0.208456 | lambda1 0.85478 | lambda2 0.012210
Iter  9200: Loss 0.198378 | lambda1 0.84328 | lambda2 0.012432
Iter  9300: Loss 0.186917 | lambda1 0.82968 | lambda2 0.010678
Iter  9400: Loss 0.179535 | lambda1 0.82671 | lambda2 0.011089
Iter  9500: Loss 0.172784 | lambda1 0.83302 | lambda2 0.010250
Iter  9600: Loss 0.166883 | lambda1 0.84645 | lambda2 0.010727
Iter  9700: Loss 0.160974 | lambda1 0.85746 | lambda2 0.009932
Iter  9800: Loss 0.155208 | lambda1 0.86326 | lambda2 0.010797
Iter  9900: Loss 0.149748 | lambda1 0.86165 | lambda2 0.010315
Iter 10000: Loss 0.144853 | lambda1 0.85297 | lambda2 0.009918
Iter 10100: Loss 0.139917 | lambda1 0.83794 | lambda2 0.009758
Iter 10200: Loss 0.135367 | lambda1 0.82730 | lambda2 0.009701
Iter 10300: Loss 0.131294 | lambda1 0.83016 | lambda2 0.009555
Iter 10400: Loss 0.127075 | lambda1 0.83842 | lambda2 0.009431
Iter 10500: Loss 0.123178 | lambda1 0.84767 | lambda2 0.009313
Iter 10600: Loss 0.119412 | lambda1 0.85682 | lambda2 0.009384
Iter 10700: Loss 0.116147 | lambda1 0.86119 | lambda2 0.009700
Iter 10800: Loss 0.112488 | lambda1 0.86218 | lambda2 0.008709
Iter 10900: Loss 0.108538 | lambda1 0.86061 | lambda2 0.009865
Iter 11000: Loss 0.105545 | lambda1 0.85712 | lambda2 0.008410
Iter 11100: Loss 0.102596 | lambda1 0.85263 | lambda2 0.009993
Iter 11200: Loss 0.099371 | lambda1 0.84584 | lambda2 0.008265
Iter 11300: Loss 0.097225 | lambda1 0.84468 | lambda2 0.009105
Iter 11400: Loss 0.095220 | lambda1 0.84636 | lambda2 0.008933
Iter 11500: Loss 0.092931 | lambda1 0.84800 | lambda2 0.008685
Iter 11600: Loss 0.090658 | lambda1 0.85235 | lambda2 0.009668
Iter 11700: Loss 0.088679 | lambda1 0.85616 | lambda2 0.009030
Iter 11800: Loss 0.087014 | lambda1 0.85961 | lambda2 0.009826
Iter 11900: Loss 0.085502 | lambda1 0.86332 | lambda2 0.009373
Iter 12000: Loss 0.084093 | lambda1 0.86613 | lambda2 0.010164
Iter 12100: Loss 0.082837 | lambda1 0.86761 | lambda2 0.009313
Iter 12200: Loss 0.081341 | lambda1 0.86833 | lambda2 0.009690
Iter 12300: Loss 0.079996 | lambda1 0.86618 | lambda2 0.009281
Iter 12400: Loss 0.078212 | lambda1 0.86061 | lambda2 0.008815
Iter 12500: Loss 0.076594 | lambda1 0.85498 | lambda2 0.009569
Iter 12600: Loss 0.075192 | lambda1 0.85261 | lambda2 0.008335
Iter 12700: Loss 0.073701 | lambda1 0.85328 | lambda2 0.010242
Iter 12800: Loss 0.072232 | lambda1 0.85823 | lambda2 0.008424
Iter 12900: Loss 0.070753 | lambda1 0.86336 | lambda2 0.010122
Iter 13000: Loss 0.069126 | lambda1 0.87094 | lambda2 0.008874
Iter 13100: Loss 0.067365 | lambda1 0.87673 | lambda2 0.011011
Iter 13200: Loss 0.065799 | lambda1 0.88285 | lambda2 0.008888
Iter 13300: Loss 0.064306 | lambda1 0.88399 | lambda2 0.010618
Iter 13400: Loss 0.062890 | lambda1 0.88354 | lambda2 0.009433
Iter 13500: Loss 0.061625 | lambda1 0.87841 | lambda2 0.010841
Iter 13600: Loss 0.060435 | lambda1 0.87090 | lambda2 0.009563
Iter 13700: Loss 0.059430 | lambda1 0.86693 | lambda2 0.010927
Iter 13800: Loss 0.058280 | lambda1 0.86603 | lambda2 0.009519
Iter 13900: Loss 0.057379 | lambda1 0.86731 | lambda2 0.010730
Iter 14000: Loss 0.056254 | lambda1 0.87359 | lambda2 0.009718
Iter 14100: Loss 0.055241 | lambda1 0.87862 | lambda2 0.010756
Iter 14200: Loss 0.054107 | lambda1 0.88303 | lambda2 0.010404
Iter 14300: Loss 0.053106 | lambda1 0.88430 | lambda2 0.011061
Iter 14400: Loss 0.052099 | lambda1 0.88185 | lambda2 0.010764
Iter 14500: Loss 0.051329 | lambda1 0.87789 | lambda2 0.010894
Iter 14600: Loss 0.050211 | lambda1 0.87391 | lambda2 0.010496
Iter 14700: Loss 0.049247 | lambda1 0.87160 | lambda2 0.010904
Iter 14800: Loss 0.048315 | lambda1 0.87188 | lambda2 0.010654
Iter 14900: Loss 0.047470 | lambda1 0.87289 | lambda2 0.010601
Iter 15000: Loss 0.046727 | lambda1 0.87701 | lambda2 0.011120
Iter 15100: Loss 0.045999 | lambda1 0.88281 | lambda2 0.010261
Iter 15200: Loss 0.045252 | lambda1 0.88883 | lambda2 0.011524
Iter 15300: Loss 0.044554 | lambda1 0.89137 | lambda2 0.010406
Iter 15400: Loss 0.043935 | lambda1 0.89039 | lambda2 0.010764
Iter 15500: Loss 0.043078 | lambda1 0.88680 | lambda2 0.010735
Iter 15600: Loss 0.042382 | lambda1 0.88338 | lambda2 0.010080
Iter 15700: Loss 0.041648 | lambda1 0.88187 | lambda2 0.010787
Iter 15800: Loss 0.040864 | lambda1 0.88375 | lambda2 0.009645
Iter 15900: Loss 0.040166 | lambda1 0.88771 | lambda2 0.011369
Iter 16000: Loss 0.039547 | lambda1 0.89148 | lambda2 0.010623
Iter 16100: Loss 0.038900 | lambda1 0.89650 | lambda2 0.011622
Iter 16200: Loss 0.038236 | lambda1 0.89921 | lambda2 0.011683
Iter 16300: Loss 0.037553 | lambda1 0.89869 | lambda2 0.011705
Iter 16400: Loss 0.036855 | lambda1 0.89608 | lambda2 0.011364
Iter 16500: Loss 0.036212 | lambda1 0.89195 | lambda2 0.011443
Iter 16600: Loss 0.035434 | lambda1 0.88957 | lambda2 0.011334
Iter 16700: Loss 0.034791 | lambda1 0.89177 | lambda2 0.011051
Iter 16800: Loss 0.034146 | lambda1 0.89822 | lambda2 0.011650
Iter 16900: Loss 0.033509 | lambda1 0.90517 | lambda2 0.011823
Iter 17000: Loss 0.032850 | lambda1 0.90910 | lambda2 0.011653
Iter 17100: Loss 0.032179 | lambda1 0.90719 | lambda2 0.011340
Iter 17200: Loss 0.031489 | lambda1 0.90207 | lambda2 0.011333
Iter 17300: Loss 0.030915 | lambda1 0.89613 | lambda2 0.011381
Iter 17400: Loss 0.030321 | lambda1 0.89854 | lambda2 0.011318
Iter 17500: Loss 0.029716 | lambda1 0.90400 | lambda2 0.011217
Iter 17600: Loss 0.029188 | lambda1 0.91127 | lambda2 0.011342
Iter 17700: Loss 0.028706 | lambda1 0.91596 | lambda2 0.011704
Iter 17800: Loss 0.028249 | lambda1 0.91883 | lambda2 0.012014
Iter 17900: Loss 0.027813 | lambda1 0.91995 | lambda2 0.012087
Iter 18000: Loss 0.027330 | lambda1 0.91963 | lambda2 0.011654
Iter 18100: Loss 0.026810 | lambda1 0.91696 | lambda2 0.011593
Iter 18200: Loss 0.026240 | lambda1 0.91770 | lambda2 0.012026
Iter 18300: Loss 0.025708 | lambda1 0.92112 | lambda2 0.011659
Iter 18400: Loss 0.025123 | lambda1 0.92686 | lambda2 0.011241
Iter 18500: Loss 0.024593 | lambda1 0.92962 | lambda2 0.011457
Iter 18600: Loss 0.024048 | lambda1 0.92988 | lambda2 0.011818
Iter 18700: Loss 0.023462 | lambda1 0.92600 | lambda2 0.011641
Iter 18800: Loss 0.022899 | lambda1 0.92314 | lambda2 0.011314
Iter 18900: Loss 0.022371 | lambda1 0.92301 | lambda2 0.011526
Iter 19000: Loss 0.021915 | lambda1 0.92437 | lambda2 0.011460
Iter 19100: Loss 0.021442 | lambda1 0.92707 | lambda2 0.011389
Iter 19200: Loss 0.020996 | lambda1 0.92999 | lambda2 0.011733
Iter 19300: Loss 0.020592 | lambda1 0.93297 | lambda2 0.011534
Iter 19400: Loss 0.020097 | lambda1 0.93505 | lambda2 0.011387
Iter 19500: Loss 0.019679 | lambda1 0.93578 | lambda2 0.011597
Iter 19600: Loss 0.019327 | lambda1 0.93568 | lambda2 0.011356
Iter 19700: Loss 0.019023 | lambda1 0.93547 | lambda2 0.011567
Iter 19800: Loss 0.018682 | lambda1 0.93564 | lambda2 0.011777
Iter 19900: Loss 0.018356 | lambda1 0.93673 | lambda2 0.011229
Iter 20000: Loss 0.018013 | lambda1 0.93888 | lambda2 0.011416
Iter 20100: Loss 0.017661 | lambda1 0.94139 | lambda2 0.011569
Iter 20200: Loss 0.017298 | lambda1 0.94293 | lambda2 0.011641
Iter 20300: Loss 0.016965 | lambda1 0.94460 | lambda2 0.011091
Iter 20400: Loss 0.016634 | lambda1 0.94554 | lambda2 0.011296
Iter 20500: Loss 0.016291 | lambda1 0.94568 | lambda2 0.011743
Iter 20600: Loss 0.015974 | lambda1 0.94516 | lambda2 0.011328
Iter 20700: Loss 0.015641 | lambda1 0.94478 | lambda2 0.011090
Iter 20800: Loss 0.015336 | lambda1 0.94548 | lambda2 0.011176
Iter 20900: Loss 0.015088 | lambda1 0.94830 | lambda2 0.011553
Iter 21000: Loss 0.014786 | lambda1 0.95329 | lambda2 0.011705
Iter 21100: Loss 0.014525 | lambda1 0.95637 | lambda2 0.011661
Iter 21200: Loss 0.014305 | lambda1 0.95785 | lambda2 0.011489
Iter 21300: Loss 0.014035 | lambda1 0.95611 | lambda2 0.011374
Iter 21400: Loss 0.013759 | lambda1 0.95485 | lambda2 0.011307
Iter 21500: Loss 0.013511 | lambda1 0.95252 | lambda2 0.011309
Iter 21600: Loss 0.013234 | lambda1 0.95285 | lambda2 0.011192
Iter 21700: Loss 0.012984 | lambda1 0.95254 | lambda2 0.011061
Iter 21800: Loss 0.012703 | lambda1 0.95365 | lambda2 0.010945
Iter 21900: Loss 0.012442 | lambda1 0.95570 | lambda2 0.011188
Iter 22000: Loss 0.012218 | lambda1 0.95698 | lambda2 0.011150
Iter 22100: Loss 0.011986 | lambda1 0.95800 | lambda2 0.011139
Iter 22200: Loss 0.011768 | lambda1 0.95835 | lambda2 0.011181
Iter 22300: Loss 0.011556 | lambda1 0.95837 | lambda2 0.011011
Iter 22400: Loss 0.011372 | lambda1 0.95920 | lambda2 0.010981
Iter 22500: Loss 0.011173 | lambda1 0.96097 | lambda2 0.010933
Iter 22600: Loss 0.010991 | lambda1 0.96264 | lambda2 0.011036
Iter 22700: Loss 0.010779 | lambda1 0.96331 | lambda2 0.010817
Iter 22800: Loss 0.010617 | lambda1 0.96385 | lambda2 0.011034
Iter 22900: Loss 0.010457 | lambda1 0.96399 | lambda2 0.011040
Iter 23000: Loss 0.010261 | lambda1 0.96521 | lambda2 0.010804
Iter 23100: Loss 0.010090 | lambda1 0.96693 | lambda2 0.010787
Iter 23200: Loss 0.009906 | lambda1 0.96856 | lambda2 0.011005
Iter 23300: Loss 0.009729 | lambda1 0.96923 | lambda2 0.010702
Iter 23400: Loss 0.009545 | lambda1 0.96954 | lambda2 0.010564
Iter 23500: Loss 0.009402 | lambda1 0.96899 | lambda2 0.010638
Iter 23600: Loss 0.009250 | lambda1 0.96849 | lambda2 0.010656
Iter 23700: Loss 0.009099 | lambda1 0.96828 | lambda2 0.010526
Iter 23800: Loss 0.008962 | lambda1 0.96855 | lambda2 0.010528
Iter 23900: Loss 0.008806 | lambda1 0.96924 | lambda2 0.010682
Iter 24000: Loss 0.008689 | lambda1 0.96951 | lambda2 0.010609
Iter 24100: Loss 0.008579 | lambda1 0.96993 | lambda2 0.010480
Iter 24200: Loss 0.008468 | lambda1 0.97044 | lambda2 0.010643
Iter 24300: Loss 0.008336 | lambda1 0.97114 | lambda2 0.010603
Iter 24400: Loss 0.008181 | lambda1 0.97187 | lambda2 0.010398
Iter 24500: Loss 0.008088 | lambda1 0.97229 | lambda2 0.010656
Iter 24600: Loss 0.007980 | lambda1 0.97295 | lambda2 0.010705
Iter 24700: Loss 0.007849 | lambda1 0.97402 | lambda2 0.010445
Iter 24800: Loss 0.007728 | lambda1 0.97513 | lambda2 0.010490
Iter 24900: Loss 0.007611 | lambda1 0.97617 | lambda2 0.010391
Iter 25000: Loss 0.007472 | lambda1 0.97676 | lambda2 0.010335
Iter 25100: Loss 0.007357 | lambda1 0.97695 | lambda2 0.010391
Iter 25200: Loss 0.007262 | lambda1 0.97685 | lambda2 0.010313
Iter 25300: Loss 0.007152 | lambda1 0.97614 | lambda2 0.010138
Iter 25400: Loss 0.007032 | lambda1 0.97545 | lambda2 0.010234
Iter 25500: Loss 0.006942 | lambda1 0.97566 | lambda2 0.010279
Iter 25600: Loss 0.006858 | lambda1 0.97649 | lambda2 0.010220
Iter 25700: Loss 0.006779 | lambda1 0.97705 | lambda2 0.010117
Iter 25800: Loss 0.006673 | lambda1 0.97812 | lambda2 0.010559
Iter 25900: Loss 0.006592 | lambda1 0.97875 | lambda2 0.010433
Iter 26000: Loss 0.006515 | lambda1 0.97961 | lambda2 0.010266
Iter 26100: Loss 0.006435 | lambda1 0.98026 | lambda2 0.010347
Iter 26200: Loss 0.006341 | lambda1 0.98093 | lambda2 0.010412
Iter 26300: Loss 0.006257 | lambda1 0.98127 | lambda2 0.010430
Iter 26400: Loss 0.006172 | lambda1 0.98186 | lambda2 0.010241
Iter 26500: Loss 0.006082 | lambda1 0.98226 | lambda2 0.010250
Iter 26600: Loss 0.005994 | lambda1 0.98242 | lambda2 0.010387
Iter 26700: Loss 0.005902 | lambda1 0.98219 | lambda2 0.010282
Iter 26800: Loss 0.005807 | lambda1 0.98201 | lambda2 0.010116
Iter 26900: Loss 0.005729 | lambda1 0.98144 | lambda2 0.010045
Iter 27000: Loss 0.005642 | lambda1 0.98146 | lambda2 0.010139
Iter 27100: Loss 0.005564 | lambda1 0.98236 | lambda2 0.009959
Iter 27200: Loss 0.005496 | lambda1 0.98339 | lambda2 0.009800
Iter 27300: Loss 0.005431 | lambda1 0.98405 | lambda2 0.010004
Iter 27400: Loss 0.005366 | lambda1 0.98469 | lambda2 0.010104
Iter 27500: Loss 0.005301 | lambda1 0.98448 | lambda2 0.009879
Iter 27600: Loss 0.005242 | lambda1 0.98451 | lambda2 0.010088
Iter 27700: Loss 0.005182 | lambda1 0.98477 | lambda2 0.010118
Iter 27800: Loss 0.005135 | lambda1 0.98500 | lambda2 0.009908
Iter 27900: Loss 0.005073 | lambda1 0.98545 | lambda2 0.010091
Iter 28000: Loss 0.005010 | lambda1 0.98602 | lambda2 0.010204
Iter 28100: Loss 0.004950 | lambda1 0.98646 | lambda2 0.009935
Iter 28200: Loss 0.004892 | lambda1 0.98687 | lambda2 0.009789
Iter 28300: Loss 0.004832 | lambda1 0.98683 | lambda2 0.009835
Iter 28400: Loss 0.004779 | lambda1 0.98652 | lambda2 0.009827
Iter 28500: Loss 0.004726 | lambda1 0.98644 | lambda2 0.009719
Iter 28600: Loss 0.004677 | lambda1 0.98644 | lambda2 0.009821
Iter 28700: Loss 0.004631 | lambda1 0.98660 | lambda2 0.010096
Iter 28800: Loss 0.004587 | lambda1 0.98680 | lambda2 0.010010
Iter 28900: Loss 0.004550 | lambda1 0.98697 | lambda2 0.010053
Iter 29000: Loss 0.004505 | lambda1 0.98731 | lambda2 0.009986
Iter 29100: Loss 0.004456 | lambda1 0.98771 | lambda2 0.010026
Iter 29200: Loss 0.004407 | lambda1 0.98779 | lambda2 0.010058
Iter 29300: Loss 0.004359 | lambda1 0.98745 | lambda2 0.010168
Iter 29400: Loss 0.004320 | lambda1 0.98704 | lambda2 0.010133
Iter 29500: Loss 0.004277 | lambda1 0.98667 | lambda2 0.009895
Iter 29600: Loss 0.004232 | lambda1 0.98655 | lambda2 0.010003
Iter 29700: Loss 0.004186 | lambda1 0.98685 | lambda2 0.010054
Iter 29800: Loss 0.004142 | lambda1 0.98731 | lambda2 0.010083
Iter 29900: Loss 0.004091 | lambda1 0.98766 | lambda2 0.009951
Iter 30000: Loss 0.004050 | lambda1 0.98777 | lambda2 0.009966
Iter 30100: Loss 0.004011 | lambda1 0.98788 | lambda2 0.010056
Iter 30200: Loss 0.003974 | lambda1 0.98811 | lambda2 0.010080
Iter 30300: Loss 0.003934 | lambda1 0.98856 | lambda2 0.010132
Iter 30400: Loss 0.003892 | lambda1 0.98889 | lambda2 0.010086
Iter 30500: Loss 0.003851 | lambda1 0.98903 | lambda2 0.010119
Iter 30600: Loss 0.003807 | lambda1 0.98920 | lambda2 0.010006
Iter 30700: Loss 0.003771 | lambda1 0.98955 | lambda2 0.010104
Iter 30800: Loss 0.003741 | lambda1 0.98989 | lambda2 0.010099
Iter 30900: Loss 0.003707 | lambda1 0.98996 | lambda2 0.010116
Iter 31000: Loss 0.003673 | lambda1 0.98977 | lambda2 0.009999
Iter 31100: Loss 0.003645 | lambda1 0.98942 | lambda2 0.010077
Iter 31200: Loss 0.003620 | lambda1 0.98907 | lambda2 0.010010
Iter 31300: Loss 0.003595 | lambda1 0.98863 | lambda2 0.010031
Iter 31400: Loss 0.003571 | lambda1 0.98848 | lambda2 0.010042
Iter 31500: Loss 0.003542 | lambda1 0.98891 | lambda2 0.010045
Iter 31600: Loss 0.003513 | lambda1 0.98975 | lambda2 0.010082
Iter 31700: Loss 0.003489 | lambda1 0.99072 | lambda2 0.010063
Iter 31800: Loss 0.003461 | lambda1 0.99151 | lambda2 0.010115
Iter 31900: Loss 0.003432 | lambda1 0.99170 | lambda2 0.010112
Iter 32000: Loss 0.003406 | lambda1 0.99149 | lambda2 0.010084
Iter 32100: Loss 0.003380 | lambda1 0.99133 | lambda2 0.010027
Iter 32200: Loss 0.003355 | lambda1 0.99123 | lambda2 0.009978
Iter 32300: Loss 0.003328 | lambda1 0.99126 | lambda2 0.010095
Iter 32400: Loss 0.003302 | lambda1 0.99148 | lambda2 0.009991
Iter 32500: Loss 0.003272 | lambda1 0.99145 | lambda2 0.009973
Iter 32600: Loss 0.003251 | lambda1 0.99132 | lambda2 0.010002
Iter 32700: Loss 0.003227 | lambda1 0.99104 | lambda2 0.010001
Iter 32800: Loss 0.003199 | lambda1 0.99075 | lambda2 0.009916
Iter 32900: Loss 0.003169 | lambda1 0.99060 | lambda2 0.009821
Iter 33000: Loss 0.003143 | lambda1 0.99076 | lambda2 0.009910
Iter 33100: Loss 0.003117 | lambda1 0.99126 | lambda2 0.010013
Iter 33200: Loss 0.003094 | lambda1 0.99176 | lambda2 0.009796
Iter 33300: Loss 0.003070 | lambda1 0.99227 | lambda2 0.009874
Iter 33400: Loss 0.003049 | lambda1 0.99245 | lambda2 0.009908
Iter 33500: Loss 0.003027 | lambda1 0.99225 | lambda2 0.010002
Iter 33600: Loss 0.003004 | lambda1 0.99191 | lambda2 0.009932
Iter 33700: Loss 0.002981 | lambda1 0.99194 | lambda2 0.009907
Iter 33800: Loss 0.002960 | lambda1 0.99227 | lambda2 0.009951
Iter 33900: Loss 0.002943 | lambda1 0.99262 | lambda2 0.010030
Iter 34000: Loss 0.002923 | lambda1 0.99270 | lambda2 0.009972
Iter 34100: Loss 0.002904 | lambda1 0.99240 | lambda2 0.009967
Iter 34200: Loss 0.002884 | lambda1 0.99229 | lambda2 0.010036
Iter 34300: Loss 0.002862 | lambda1 0.99205 | lambda2 0.010045
Iter 34400: Loss 0.002843 | lambda1 0.99187 | lambda2 0.010010
Iter 34500: Loss 0.002826 | lambda1 0.99196 | lambda2 0.010009
Iter 34600: Loss 0.002804 | lambda1 0.99249 | lambda2 0.010058
Iter 34700: Loss 0.002785 | lambda1 0.99313 | lambda2 0.010188
Iter 34800: Loss 0.002765 | lambda1 0.99347 | lambda2 0.010162
Iter 34900: Loss 0.002745 | lambda1 0.99330 | lambda2 0.009978
Iter 35000: Loss 0.002730 | lambda1 0.99277 | lambda2 0.009983
Iter 35100: Loss 0.002713 | lambda1 0.99201 | lambda2 0.010135
Iter 35200: Loss 0.002695 | lambda1 0.99164 | lambda2 0.010168
Iter 35300: Loss 0.002678 | lambda1 0.99177 | lambda2 0.009969
Iter 35400: Loss 0.002662 | lambda1 0.99208 | lambda2 0.009840
Iter 35500: Loss 0.002644 | lambda1 0.99279 | lambda2 0.010090
Iter 35600: Loss 0.002623 | lambda1 0.99331 | lambda2 0.010247
Iter 35700: Loss 0.002608 | lambda1 0.99357 | lambda2 0.010008
Iter 35800: Loss 0.002588 | lambda1 0.99337 | lambda2 0.009920
Iter 35900: Loss 0.002567 | lambda1 0.99274 | lambda2 0.010085
Iter 36000: Loss 0.002552 | lambda1 0.99231 | lambda2 0.010185
Iter 36100: Loss 0.002534 | lambda1 0.99242 | lambda2 0.010124
Iter 36200: Loss 0.002515 | lambda1 0.99289 | lambda2 0.009914
Iter 36300: Loss 0.002498 | lambda1 0.99363 | lambda2 0.009987
Iter 36400: Loss 0.002484 | lambda1 0.99420 | lambda2 0.010178
Iter 36500: Loss 0.002466 | lambda1 0.99402 | lambda2 0.010137
Iter 36600: Loss 0.002450 | lambda1 0.99319 | lambda2 0.010040
Iter 36700: Loss 0.002436 | lambda1 0.99228 | lambda2 0.010005
Iter 36800: Loss 0.002422 | lambda1 0.99173 | lambda2 0.010088
Iter 36900: Loss 0.002407 | lambda1 0.99181 | lambda2 0.010127
Iter 37000: Loss 0.002395 | lambda1 0.99264 | lambda2 0.010091
Iter 37100: Loss 0.002381 | lambda1 0.99380 | lambda2 0.010051
Iter 37200: Loss 0.002368 | lambda1 0.99467 | lambda2 0.010040
Iter 37300: Loss 0.002354 | lambda1 0.99457 | lambda2 0.010065
Iter 37400: Loss 0.002337 | lambda1 0.99324 | lambda2 0.010032
Iter 37500: Loss 0.002324 | lambda1 0.99202 | lambda2 0.009987
Iter 37600: Loss 0.002310 | lambda1 0.99137 | lambda2 0.009973
Iter 37700: Loss 0.002298 | lambda1 0.99196 | lambda2 0.009967
Iter 37800: Loss 0.002286 | lambda1 0.99293 | lambda2 0.010044
Iter 37900: Loss 0.002273 | lambda1 0.99397 | lambda2 0.010022
Iter 38000: Loss 0.002260 | lambda1 0.99434 | lambda2 0.010020
Iter 38100: Loss 0.002246 | lambda1 0.99388 | lambda2 0.010021
Iter 38200: Loss 0.002230 | lambda1 0.99275 | lambda2 0.010041
Iter 38300: Loss 0.002217 | lambda1 0.99225 | lambda2 0.010008
Iter 38400: Loss 0.002204 | lambda1 0.99228 | lambda2 0.010014
Iter 38500: Loss 0.002190 | lambda1 0.99329 | lambda2 0.009945
Iter 38600: Loss 0.002176 | lambda1 0.99420 | lambda2 0.009969
Iter 38700: Loss 0.002163 | lambda1 0.99424 | lambda2 0.009994
Iter 38800: Loss 0.002152 | lambda1 0.99402 | lambda2 0.009982
Iter 38900: Loss 0.002140 | lambda1 0.99344 | lambda2 0.009924
Iter 39000: Loss 0.002128 | lambda1 0.99354 | lambda2 0.009932
Iter 39100: Loss 0.002116 | lambda1 0.99352 | lambda2 0.009926
Iter 39200: Loss 0.002105 | lambda1 0.99323 | lambda2 0.009947
Iter 39300: Loss 0.002093 | lambda1 0.99305 | lambda2 0.009935
Iter 39400: Loss 0.002082 | lambda1 0.99310 | lambda2 0.009960
Iter 39500: Loss 0.002070 | lambda1 0.99342 | lambda2 0.009973
Iter 39600: Loss 0.002059 | lambda1 0.99389 | lambda2 0.009928
Iter 39700: Loss 0.002048 | lambda1 0.99435 | lambda2 0.009971
Iter 39800: Loss 0.002039 | lambda1 0.99451 | lambda2 0.009982
Iter 39900: Loss 0.002027 | lambda1 0.99441 | lambda2 0.009962
Iter 40000: Loss 0.002016 | lambda1 0.99430 | lambda2 0.009907
Iter 40100: Loss 0.002005 | lambda1 0.99416 | lambda2 0.009958
Iter 40200: Loss 0.001993 | lambda1 0.99414 | lambda2 0.010001
Iter 40300: Loss 0.001985 | lambda1 0.99416 | lambda2 0.009962
Iter 40400: Loss 0.001975 | lambda1 0.99422 | lambda2 0.009955
Iter 40500: Loss 0.001964 | lambda1 0.99442 | lambda2 0.009999
Iter 40600: Loss 0.001954 | lambda1 0.99458 | lambda2 0.010000
Iter 40700: Loss 0.001943 | lambda1 0.99465 | lambda2 0.009971
Iter 40800: Loss 0.001933 | lambda1 0.99463 | lambda2 0.009973
Iter 40900: Loss 0.001921 | lambda1 0.99463 | lambda2 0.009969
Iter 41000: Loss 0.001911 | lambda1 0.99454 | lambda2 0.009995
Iter 41100: Loss 0.001900 | lambda1 0.99452 | lambda2 0.010054
Iter 41200: Loss 0.001890 | lambda1 0.99460 | lambda2 0.009990
Iter 41300: Loss 0.001881 | lambda1 0.99471 | lambda2 0.009979
Iter 41400: Loss 0.001871 | lambda1 0.99480 | lambda2 0.009973
Iter 41500: Loss 0.001862 | lambda1 0.99481 | lambda2 0.009979
Iter 41600: Loss 0.001853 | lambda1 0.99485 | lambda2 0.010052
Iter 41700: Loss 0.001844 | lambda1 0.99495 | lambda2 0.010022
Iter 41800: Loss 0.001834 | lambda1 0.99514 | lambda2 0.009935
Iter 41900: Loss 0.001824 | lambda1 0.99508 | lambda2 0.009916
Iter 42000: Loss 0.001814 | lambda1 0.99499 | lambda2 0.009952
Iter 42100: Loss 0.001806 | lambda1 0.99487 | lambda2 0.010012
Iter 42200: Loss 0.001796 | lambda1 0.99485 | lambda2 0.009988
Iter 42300: Loss 0.001786 | lambda1 0.99503 | lambda2 0.009962
Iter 42400: Loss 0.001777 | lambda1 0.99533 | lambda2 0.009991
Iter 42500: Loss 0.001766 | lambda1 0.99548 | lambda2 0.010043
Iter 42600: Loss 0.001757 | lambda1 0.99544 | lambda2 0.010039
Iter 42700: Loss 0.001748 | lambda1 0.99527 | lambda2 0.009988
Iter 42800: Loss 0.001740 | lambda1 0.99512 | lambda2 0.010011
Iter 42900: Loss 0.001731 | lambda1 0.99514 | lambda2 0.010033
Iter 43000: Loss 0.001723 | lambda1 0.99533 | lambda2 0.009995
Iter 43100: Loss 0.001714 | lambda1 0.99555 | lambda2 0.009910
Iter 43200: Loss 0.001704 | lambda1 0.99557 | lambda2 0.009947
Iter 43300: Loss 0.001694 | lambda1 0.99544 | lambda2 0.009994
Iter 43400: Loss 0.001685 | lambda1 0.99528 | lambda2 0.010057
Iter 43500: Loss 0.001676 | lambda1 0.99511 | lambda2 0.009957
Iter 43600: Loss 0.001667 | lambda1 0.99499 | lambda2 0.009882
Iter 43700: Loss 0.001660 | lambda1 0.99501 | lambda2 0.009953
Iter 43800: Loss 0.001655 | lambda1 0.99510 | lambda2 0.010022
Iter 43900: Loss 0.001655 | lambda1 0.99510 | lambda2 0.010023
Iter 44000: Loss 0.001655 | lambda1 0.99510 | lambda2 0.010023
Iter 44100: Loss 0.001655 | lambda1 0.99510 | lambda2 0.010022
Iter 44200: Loss 0.001655 | lambda1 0.99510 | lambda2 0.010023
Iter 44300: Loss 0.001655 | lambda1 0.99510 | lambda2 0.010023
Iter 44400: Loss 0.001655 | lambda1 0.99510 | lambda2 0.010022
Iter 44500: Loss 0.001655 | lambda1 0.99510 | lambda2 0.010023
Iter 44600: Loss 0.001655 | lambda1 0.99510 | lambda2 0.010023

Discovered Parameters:
  lambda1 = 0.995097 (target: 1.0, error: 0.49%)
  lambda2 = 0.010023 (target: 0.01, error: 0.23%)

Model saved to 'navier_stokes.pth'

Saved comparison plot to 'parameter_comparison.png'
