 Using cuda device
Target Nu: 0.003183
Epoch 0: Loss = 0.39698 | nu: 0.001000 | error: 68.5863%
Epoch 100: Loss = 0.19460 | nu: 0.110206 | error: 3362.2147%
Epoch 200: Loss = 0.05837 | nu: 0.046368 | error: 1356.7021%
Epoch 300: Loss = 0.03812 | nu: 0.039217 | error: 1132.0325%
Epoch 400: Loss = 0.02485 | nu: 0.027804 | error: 773.4847%
Epoch 500: Loss = 0.01891 | nu: 0.021851 | error: 586.4681%
Epoch 600: Loss = 0.01546 | nu: 0.018965 | error: 495.8085%
Epoch 700: Loss = 0.01306 | nu: 0.017208 | error: 440.6191%
Epoch 800: Loss = 0.01125 | nu: 0.016000 | error: 402.6567%
Epoch 900: Loss = 0.01003 | nu: 0.015151 | error: 375.9685%
Epoch 1000: Loss = 0.00896 | nu: 0.014481 | error: 354.9412%
Epoch 1100: Loss = 0.00802 | nu: 0.013894 | error: 336.5055%
Epoch 1200: Loss = 0.00710 | nu: 0.013182 | error: 314.1132%
Epoch 1300: Loss = 0.00623 | nu: 0.012646 | error: 297.2847%
Epoch 1400: Loss = 0.00552 | nu: 0.012041 | error: 278.2793%
Epoch 1500: Loss = 0.00490 | nu: 0.011451 | error: 259.7340%
Epoch 1600: Loss = 0.00440 | nu: 0.010917 | error: 242.9581%
Epoch 1700: Loss = 0.00399 | nu: 0.010549 | error: 231.4045%
Epoch 1800: Loss = 0.00361 | nu: 0.010195 | error: 220.2941%
Epoch 1900: Loss = 0.00334 | nu: 0.009904 | error: 211.1453%
Epoch 2000: Loss = 0.00312 | nu: 0.009668 | error: 203.7239%
Epoch 2100: Loss = 0.00299 | nu: 0.009388 | error: 194.9215%
Epoch 2200: Loss = 0.00354 | nu: 0.009100 | error: 185.8769%
Epoch 2300: Loss = 0.00261 | nu: 0.008983 | error: 182.2244%
Epoch 2400: Loss = 0.00248 | nu: 0.008821 | error: 177.1085%
Epoch 2500: Loss = 0.00238 | nu: 0.008669 | error: 172.3551%
Epoch 2600: Loss = 0.00270 | nu: 0.008500 | error: 167.0227%
Epoch 2700: Loss = 0.00216 | nu: 0.008346 | error: 162.1869%
Epoch 2800: Loss = 0.00208 | nu: 0.008231 | error: 158.5776%
Epoch 2900: Loss = 0.00238 | nu: 0.008108 | error: 154.7151%
Epoch 3000: Loss = 0.00191 | nu: 0.007954 | error: 149.8802%
Epoch 3100: Loss = 0.00185 | nu: 0.007850 | error: 146.6171%
Epoch 3200: Loss = 0.00209 | nu: 0.007787 | error: 144.6402%
Epoch 3300: Loss = 0.00174 | nu: 0.007594 | error: 138.5715%
Epoch 3400: Loss = 0.00166 | nu: 0.007527 | error: 136.4695%
Epoch 3500: Loss = 0.00161 | nu: 0.007438 | error: 133.6570%
Epoch 3600: Loss = 0.00165 | nu: 0.007381 | error: 131.8895%
Epoch 3700: Loss = 0.00225 | nu: 0.007211 | error: 126.5508%
Epoch 3800: Loss = 0.00147 | nu: 0.007162 | error: 125.0090%
Epoch 3900: Loss = 0.00144 | nu: 0.007097 | error: 122.9562%
Epoch 4000: Loss = 0.00143 | nu: 0.007057 | error: 121.7163%
Epoch 4100: Loss = 0.00137 | nu: 0.006915 | error: 117.2561%
Epoch 4200: Loss = 0.00133 | nu: 0.006868 | error: 115.7718%
Epoch 4300: Loss = 0.00131 | nu: 0.006801 | error: 113.6624%
Epoch 4400: Loss = 0.00181 | nu: 0.006795 | error: 113.4651%
Epoch 4500: Loss = 0.00125 | nu: 0.006660 | error: 109.2337%
Epoch 4600: Loss = 0.00122 | nu: 0.006606 | error: 107.5200%
Epoch 4700: Loss = 0.00127 | nu: 0.006582 | error: 106.7832%
Epoch 4800: Loss = 0.00123 | nu: 0.006496 | error: 104.0674%
Epoch 4900: Loss = 0.00116 | nu: 0.006435 | error: 102.1584%
Epoch 5000: Loss = 0.00118 | nu: 0.006397 | error: 100.9636%
Epoch 5100: Loss = 0.00123 | nu: 0.006280 | error: 97.2925%
Epoch 5200: Loss = 0.00110 | nu: 0.006285 | error: 97.4386%
Epoch 5300: Loss = 0.00117 | nu: 0.006274 | error: 97.1158%
Epoch 5400: Loss = 0.00107 | nu: 0.006177 | error: 94.0541%
Epoch 5500: Loss = 0.00106 | nu: 0.006159 | error: 93.4978%
Epoch 5600: Loss = 0.00205 | nu: 0.006171 | error: 93.8639%
Epoch 5700: Loss = 0.00103 | nu: 0.006062 | error: 90.4340%
Epoch 5800: Loss = 0.00119 | nu: 0.005980 | error: 87.8822%
Epoch 5900: Loss = 0.00100 | nu: 0.005973 | error: 87.6394%
Epoch 6000: Loss = 0.00101 | nu: 0.005953 | error: 87.0297%
Epoch 6100: Loss = 0.00100 | nu: 0.005875 | error: 84.5820%
Epoch 6200: Loss = 0.00097 | nu: 0.005879 | error: 84.6972%
Epoch 6300: Loss = 0.00269 | nu: 0.005805 | error: 82.3674%
Epoch 6400: Loss = 0.00094 | nu: 0.005805 | error: 82.3669%
Epoch 6500: Loss = 0.00140 | nu: 0.005805 | error: 82.3632%
Epoch 6600: Loss = 0.00092 | nu: 0.005732 | error: 80.0869%
Epoch 6700: Loss = 0.00092 | nu: 0.005712 | error: 79.4449%
Epoch 6800: Loss = 0.00093 | nu: 0.005675 | error: 78.3000%
Epoch 6900: Loss = 0.00090 | nu: 0.005660 | error: 77.8216%
Epoch 7000: Loss = 0.00097 | nu: 0.005580 | error: 75.2898%
Epoch 7100: Loss = 0.00088 | nu: 0.005583 | error: 75.3976%
Epoch 7200: Loss = 0.00087 | nu: 0.005560 | error: 74.6612%
Epoch 7300: Loss = 0.00087 | nu: 0.005536 | error: 73.9113%
Epoch 7400: Loss = 0.00086 | nu: 0.005510 | error: 73.0880%
Epoch 7500: Loss = 0.00087 | nu: 0.005503 | error: 72.8708%
Epoch 7600: Loss = 0.00086 | nu: 0.005431 | error: 70.6280%
Epoch 7700: Loss = 0.00109 | nu: 0.005411 | error: 69.9819%
Epoch 7800: Loss = 0.00095 | nu: 0.005383 | error: 69.1224%
Epoch 7900: Loss = 0.00083 | nu: 0.005384 | error: 69.1359%
Epoch 8000: Loss = 0.00084 | nu: 0.005361 | error: 68.4221%
Epoch 8100: Loss = 0.00090 | nu: 0.005375 | error: 68.8544%
Epoch 8200: Loss = 0.00114 | nu: 0.005320 | error: 67.1337%
Epoch 8300: Loss = 0.00154 | nu: 0.005258 | error: 65.1869%
Epoch 8400: Loss = 0.00084 | nu: 0.005269 | error: 65.5364%
Epoch 8500: Loss = 0.00080 | nu: 0.005264 | error: 65.3683%
Epoch 8600: Loss = 0.00080 | nu: 0.005259 | error: 65.2301%
Epoch 8700: Loss = 0.00080 | nu: 0.005235 | error: 64.4655%
Epoch 8800: Loss = 0.00166 | nu: 0.005171 | error: 62.4633%
Epoch 8900: Loss = 0.00077 | nu: 0.005189 | error: 63.0320%
Epoch 9000: Loss = 0.00076 | nu: 0.005181 | error: 62.7800%
Epoch 9100: Loss = 0.00109 | nu: 0.005132 | error: 61.2215%
Epoch 9200: Loss = 0.00113 | nu: 0.005179 | error: 62.6889%
Epoch 9300: Loss = 0.00102 | nu: 0.005095 | error: 60.0527%
Epoch 9400: Loss = 0.00078 | nu: 0.005129 | error: 61.1191%
Epoch 9500: Loss = 0.00116 | nu: 0.005062 | error: 59.0181%
Epoch 9600: Loss = 0.00158 | nu: 0.005019 | error: 57.6851%
Epoch 9700: Loss = 0.00076 | nu: 0.005076 | error: 59.4643%
Epoch 9800: Loss = 0.00078 | nu: 0.005071 | error: 59.3036%
Epoch 9900: Loss = 0.00078 | nu: 0.005072 | error: 59.3427%

Final discovered nu: 0.005013
True nu: 0.003183
Saved convergence plot to inverse_convergence.png